[GIN-debug] [WARNING] Creating an Engine instance with the Logger and Recovery middleware already attached.

[GIN-debug] [WARNING] Running in "debug" mode. Switch to "release" mode in production.
 - using env:	export GIN_MODE=release
 - using code:	gin.SetMode(gin.ReleaseMode)

[GIN-debug] POST   /user/login               --> stockpille/controller.Login (4 handlers)
[GIN-debug] GET    /user/:id                 --> stockpille/routes.(*RouteSeter).SetCRUD.MakeController.func1 (5 handlers)
[GIN-debug] GET    /user                     --> stockpille/routes.(*RouteSeter).SetCRUD.MakeController.func2 (5 handlers)
[GIN-debug] POST   /user                     --> stockpille/routes.(*RouteSeter).SetCRUD.MakeController.func3 (5 handlers)
[GIN-debug] PUT    /user/:id                 --> stockpille/routes.(*RouteSeter).SetCRUD.MakeController.func4 (5 handlers)
[GIN-debug] DELETE /user/:id                 --> stockpille/routes.(*RouteSeter).SetCRUD.MakeController.func5 (5 handlers)
[GIN-debug] GET    /item/:id                 --> stockpille/routes.(*RouteSeter).SetCRUD.MakeController.func1 (5 handlers)
[GIN-debug] GET    /item                     --> stockpille/routes.(*RouteSeter).SetCRUD.MakeController.func2 (5 handlers)
[GIN-debug] POST   /item                     --> stockpille/routes.(*RouteSeter).SetCRUD.MakeController.func3 (5 handlers)
[GIN-debug] PUT    /item/:id                 --> stockpille/routes.(*RouteSeter).SetCRUD.MakeController.func4 (5 handlers)
[GIN-debug] DELETE /item/:id                 --> stockpille/routes.(*RouteSeter).SetCRUD.MakeController.func5 (5 handlers)
[GIN-debug] GET    /location/:id             --> stockpille/routes.(*RouteSeter).SetCRUD.MakeController.func1 (5 handlers)
[GIN-debug] GET    /location                 --> stockpille/routes.(*RouteSeter).SetCRUD.MakeController.func2 (5 handlers)
[GIN-debug] POST   /location                 --> stockpille/routes.(*RouteSeter).SetCRUD.MakeController.func3 (5 handlers)
[GIN-debug] PUT    /location/:id             --> stockpille/routes.(*RouteSeter).SetCRUD.MakeController.func4 (5 handlers)
[GIN-debug] DELETE /location/:id             --> stockpille/routes.(*RouteSeter).SetCRUD.MakeController.func5 (5 handlers)
[GIN-debug] GET    /allocation/:id           --> stockpille/routes.(*RouteSeter).SetCRUD.MakeController.func1 (5 handlers)
[GIN-debug] GET    /allocation               --> stockpille/routes.(*RouteSeter).SetCRUD.MakeController.func2 (5 handlers)
[GIN-debug] POST   /allocation               --> stockpille/routes.(*RouteSeter).SetCRUD.MakeController.func3 (5 handlers)
[GIN-debug] PUT    /allocation/:id           --> stockpille/routes.(*RouteSeter).SetCRUD.MakeController.func4 (5 handlers)
[GIN-debug] DELETE /allocation/:id           --> stockpille/routes.(*RouteSeter).SetCRUD.MakeController.func5 (5 handlers)
[GIN-debug] GET    /role/:id                 --> stockpille/routes.(*RouteSeter).SetCRUD.MakeController.func1 (5 handlers)
[GIN-debug] GET    /role                     --> stockpille/routes.(*RouteSeter).SetCRUD.MakeController.func2 (5 handlers)
[GIN-debug] POST   /role                     --> stockpille/routes.(*RouteSeter).SetCRUD.MakeController.func3 (5 handlers)
[GIN-debug] PUT    /role/:id                 --> stockpille/routes.(*RouteSeter).SetCRUD.MakeController.func4 (5 handlers)
[GIN-debug] DELETE /role/:id                 --> stockpille/routes.(*RouteSeter).SetCRUD.MakeController.func5 (5 handlers)
[GIN-debug] GET    /category/:id             --> stockpille/routes.(*RouteSeter).SetCRUD.MakeController.func1 (5 handlers)
[GIN-debug] GET    /category                 --> stockpille/routes.(*RouteSeter).SetCRUD.MakeController.func2 (5 handlers)
[GIN-debug] POST   /category                 --> stockpille/routes.(*RouteSeter).SetCRUD.MakeController.func3 (5 handlers)
[GIN-debug] PUT    /category/:id             --> stockpille/routes.(*RouteSeter).SetCRUD.MakeController.func4 (5 handlers)
[GIN-debug] DELETE /category/:id             --> stockpille/routes.(*RouteSeter).SetCRUD.MakeController.func5 (5 handlers)
[GIN-debug] GET    /item/quantity/:id        --> stockpille/controller.GetItemQuantity (5 handlers)
[GIN-debug] GET    /user/validate            --> stockpille/controller.ValidateToken (5 handlers)
[GIN-debug] GET    /rel/allocbyuser          --> stockpille/controller.RelAllocByUser (5 handlers)
[GIN-debug] GET    /rel/allocbyitem          --> stockpille/controller.RelAllocByItem (5 handlers)
[GIN-debug] GET    /rel/itembylocation       --> stockpille/controller.RelItemByLocation (5 handlers)
[GIN-debug] GET    /rel/itembycategory       --> stockpille/controller.RelItemByCategory (5 handlers)
[GIN-debug] GET    /rel/userbyrole           --> stockpille/controller.RelUserByRole (5 handlers)
[GIN-debug] POST   /role-permision           --> stockpille/controller.CreatePermission (5 handlers)
[GIN-debug] PUT    /role-permision           --> stockpille/controller.UpdatePermission (5 handlers)
[GIN-debug] GET    /role-permision           --> stockpille/controller.GetPermission (5 handlers)
[GIN-debug] [WARNING] You trusted all proxies, this is NOT safe. We recommend you to set a value.
Please check https://pkg.go.dev/github.com/gin-gonic/gin#readme-don-t-trust-all-proxies for details.
[GIN-debug] Environment variable PORT is undefined. Using port :8080 by default
[GIN-debug] Listening and serving HTTP on :8080
[GIN] 2025/06/16 - 14:17:14 | 200 |      2.3127ms |             ::1 | GET      "/rel/userbyrole"
[GIN] 2025/06/16 - 14:17:33 | 200 |      1.1814ms |             ::1 | GET      "/user/validate"
[GIN] 2025/06/16 - 14:17:42 | 200 |      1.7886ms |             ::1 | GET      "/category"
[GIN] 2025/06/16 - 14:17:42 | 200 |      1.2521ms |             ::1 | GET      "/item"
[GIN] 2025/06/16 - 14:17:42 | 200 |       840.4µs |             ::1 | GET      "/item/quantity/1"
[GIN] 2025/06/16 - 14:17:43 | 200 |      1.9347ms |             ::1 | GET      "/location"
[GIN] 2025/06/16 - 14:17:43 | 200 |       570.7µs |             ::1 | GET      "/user"
[GIN] 2025/06/16 - 14:17:44 | 200 |       508.6µs |             ::1 | GET      "/user"
[GIN] 2025/06/16 - 14:17:46 | 200 |       510.8µs |             ::1 | GET      "/rel/userbyrole"
[GIN] 2025/06/16 - 14:21:35 | 200 |       955.9µs |             ::1 | GET      "/category"
[GIN] 2025/06/16 - 14:21:35 | 200 |         597µs |             ::1 | GET      "/item"
[GIN] 2025/06/16 - 14:21:35 | 200 |            0s |             ::1 | GET      "/item/quantity/1"
[GIN] 2025/06/16 - 14:21:36 | 200 |      1.3427ms |             ::1 | GET      "/location"
[GIN] 2025/06/16 - 14:21:36 | 200 |       514.1µs |             ::1 | GET      "/location"
[GIN] 2025/06/16 - 14:21:36 | 200 |       560.5µs |             ::1 | GET      "/user"
[GIN] 2025/06/16 - 14:21:56 | 200 |       552.5µs |             ::1 | GET      "/user/validate"
[GIN] 2025/06/16 - 14:21:57 | 200 |       531.1µs |             ::1 | GET      "/user/validate"
[GIN] 2025/06/16 - 14:22:06 | 200 |       562.7µs |             ::1 | GET      "/user"
[GIN] 2025/06/16 - 14:23:20 | 200 |       605.3µs |             ::1 | GET      "/user/validate"
[GIN] 2025/06/16 - 14:23:21 | 200 |       574.7µs |             ::1 | GET      "/category"
[GIN] 2025/06/16 - 14:23:21 | 200 |            0s |             ::1 | GET      "/item"
[GIN] 2025/06/16 - 14:23:21 | 200 |            0s |             ::1 | GET      "/item/quantity/1"
[GIN] 2025/06/16 - 14:23:22 | 200 |       533.3µs |             ::1 | GET      "/location"
[GIN] 2025/06/16 - 14:23:22 | 200 |      1.4271ms |             ::1 | GET      "/role"
[GIN] 2025/06/16 - 14:23:22 | 200 |         585µs |             ::1 | GET      "/user"
[GIN] 2025/06/16 - 14:23:25 | 200 |         568µs |             ::1 | GET      "/location"
[GIN] 2025/06/16 - 14:23:26 | 200 |      1.4643ms |             ::1 | GET      "/location"
[GIN] 2025/06/16 - 14:23:26 | 200 |       565.5µs |             ::1 | GET      "/role"
[GIN] 2025/06/16 - 14:23:26 | 200 |         588µs |             ::1 | GET      "/user"
[GIN] 2025/06/16 - 14:24:32 | 200 |       518.3µs |             ::1 | GET      "/user/validate"
[GIN] 2025/06/16 - 14:25:40 | 200 |       555.4µs |             ::1 | GET      "/user/validate"
[GIN] 2025/06/16 - 14:25:44 | 200 |       539.8µs |             ::1 | GET      "/role"
[GIN] 2025/06/16 - 14:25:44 | 200 |            0s |             ::1 | GET      "/user"
[GIN] 2025/06/16 - 14:25:56 | 200 |         512µs |             ::1 | GET      "/user/validate"
[GIN] 2025/06/16 - 14:25:59 | 200 |       589.9µs |             ::1 | GET      "/user/validate"
[GIN] 2025/06/16 - 14:26:02 | 200 |       560.3µs |             ::1 | GET      "/role"
[GIN] 2025/06/16 - 14:26:02 | 200 |       521.9µs |             ::1 | GET      "/user"
[GIN] 2025/06/16 - 14:26:03 | 200 |       573.2µs |             ::1 | GET      "/role"
[GIN] 2025/06/16 - 14:26:52 | 200 |         521µs |             ::1 | GET      "/user/validate"
[GIN] 2025/06/16 - 14:26:53 | 200 |         544µs |             ::1 | GET      "/user/validate"
[GIN] 2025/06/16 - 14:27:46 | 200 |      1.0776ms |             ::1 | GET      "/user/validate"
[GIN] 2025/06/16 - 14:27:49 | 200 |       505.5µs |             ::1 | GET      "/role"
[GIN] 2025/06/16 - 14:27:49 | 200 |      1.0119ms |             ::1 | GET      "/user"
[GIN] 2025/06/16 - 14:27:50 | 200 |       576.1µs |             ::1 | GET      "/role"
[GIN] 2025/06/16 - 14:27:51 | 200 |       507.8µs |             ::1 | GET      "/role"
[GIN] 2025/06/16 - 14:27:51 | 200 |            0s |             ::1 | GET      "/user"
[GIN] 2025/06/16 - 14:27:52 | 200 |       537.3µs |             ::1 | GET      "/role"
[GIN] 2025/06/16 - 14:28:39 | 200 |       519.3µs |             ::1 | GET      "/role"
[GIN] 2025/06/16 - 14:28:39 | 200 |            0s |             ::1 | GET      "/user"
[GIN] 2025/06/16 - 14:28:41 | 200 |       509.4µs |             ::1 | GET      "/role"
[GIN] 2025/06/16 - 14:28:41 | 200 |         508µs |             ::1 | GET      "/user"
[GIN] 2025/06/16 - 14:30:18 | 200 |       555.9µs |             ::1 | GET      "/user/validate"
[GIN] 2025/06/16 - 14:30:21 | 200 |      1.3702ms |             ::1 | GET      "/role"
[GIN] 2025/06/16 - 14:30:21 | 200 |       629.2µs |             ::1 | GET      "/user"
[GIN] 2025/06/16 - 14:30:22 | 200 |       512.3µs |             ::1 | GET      "/role"
[GIN] 2025/06/16 - 14:30:22 | 204 |            0s |             ::1 | OPTIONS  "/role-permission?roleId=1"
[GIN] 2025/06/16 - 14:30:22 | 404 |       538.4µs |             ::1 | GET      "/role-permission?roleId=1"
[GIN] 2025/06/16 - 14:31:38 | 200 |      1.1772ms |             ::1 | GET      "/user/validate"
[GIN] 2025/06/16 - 14:31:40 | 200 |      1.1268ms |             ::1 | GET      "/location"
[GIN] 2025/06/16 - 14:31:41 | 200 |       516.3µs |             ::1 | GET      "/location"
[GIN] 2025/06/16 - 14:31:41 | 200 |      1.0008ms |             ::1 | GET      "/role"
[GIN] 2025/06/16 - 14:31:41 | 200 |       580.8µs |             ::1 | GET      "/user"
[GIN] 2025/06/16 - 14:31:44 | 200 |       636.8µs |             ::1 | GET      "/category"
[GIN] 2025/06/16 - 14:31:44 | 200 |       547.4µs |             ::1 | GET      "/item"
[GIN] 2025/06/16 - 14:31:44 | 200 |            0s |             ::1 | GET      "/item/quantity/1"
[GIN] 2025/06/16 - 14:31:45 | 200 |       544.9µs |             ::1 | GET      "/role"
[GIN] 2025/06/16 - 14:31:45 | 200 |       549.7µs |             ::1 | GET      "/user"
[GIN] 2025/06/16 - 14:31:48 | 200 |       539.5µs |             ::1 | GET      "/role"
[GIN] 2025/06/16 - 14:31:49 | 404 |       687.3µs |             ::1 | GET      "/role-permission?roleId=1"
[GIN] 2025/06/16 - 14:31:50 | 200 |       508.1µs |             ::1 | GET      "/role"
[GIN] 2025/06/16 - 14:32:00 | 200 |       547.7µs |             ::1 | GET      "/role"
[GIN] 2025/06/16 - 14:32:00 | 200 |       582.6µs |             ::1 | GET      "/user"
[GIN] 2025/06/16 - 14:32:29 | 200 |       837.6µs |             ::1 | GET      "/user/validate"
[GIN] 2025/06/16 - 14:32:33 | 200 |      1.1602ms |             ::1 | GET      "/user/validate"
[GIN] 2025/06/16 - 14:32:36 | 200 |       533.7µs |             ::1 | GET      "/role"
[GIN] 2025/06/16 - 14:32:36 | 200 |       506.5µs |             ::1 | GET      "/user"
[GIN] 2025/06/16 - 14:32:37 | 200 |       514.7µs |             ::1 | GET      "/role"
[GIN] 2025/06/16 - 14:33:11 | 200 |       507.7µs |             ::1 | GET      "/role"
[GIN] 2025/06/16 - 14:33:11 | 200 |       583.3µs |             ::1 | GET      "/user"
[GIN] 2025/06/16 - 14:33:13 | 200 |       559.7µs |             ::1 | GET      "/role"
[GIN] 2025/06/16 - 14:33:18 | 200 |       1.084ms |             ::1 | GET      "/user/validate"
[GIN] 2025/06/16 - 14:33:49 | 200 |       549.3µs |             ::1 | GET      "/user/validate"
[GIN] 2025/06/16 - 14:33:50 | 200 |      1.6184ms |             ::1 | GET      "/role"
[GIN] 2025/06/16 - 14:33:50 | 200 |       510.4µs |             ::1 | GET      "/user"
[GIN] 2025/06/16 - 14:33:51 | 200 |       511.9µs |             ::1 | GET      "/role"
[GIN] 2025/06/16 - 14:33:52 | 404 |            0s |             ::1 | GET      "/role-permission?roleId=1"
[GIN] 2025/06/16 - 14:33:52 | 200 |           1ms |             ::1 | GET      "/role"
[GIN] 2025/06/16 - 14:34:40 | 200 |       568.9µs |             ::1 | GET      "/user/validate"
[GIN] 2025/06/16 - 14:34:42 | 200 |       545.6µs |             ::1 | GET      "/role"
[GIN] 2025/06/16 - 14:34:42 | 200 |       553.4µs |             ::1 | GET      "/user"
[GIN] 2025/06/16 - 14:34:43 | 200 |       566.4µs |             ::1 | GET      "/role"
[GIN] 2025/06/16 - 14:34:44 | 404 |       577.3µs |             ::1 | GET      "/role-permission?roleId=1"
[GIN] 2025/06/16 - 14:34:45 | 200 |       525.9µs |             ::1 | GET      "/role"
[GIN] 2025/06/16 - 14:34:45 | 200 |       552.7µs |             ::1 | GET      "/role"
[GIN] 2025/06/16 - 14:34:45 | 200 |         511µs |             ::1 | GET      "/user"
[GIN] 2025/06/16 - 14:41:07 | 200 |      1.6816ms |             ::1 | GET      "/user/validate"
[GIN] 2025/06/16 - 14:41:10 | 200 |       548.4µs |             ::1 | GET      "/category"
[GIN] 2025/06/16 - 14:41:10 | 200 |       508.4µs |             ::1 | GET      "/item"
[GIN] 2025/06/16 - 14:41:10 | 200 |            0s |             ::1 | GET      "/item/quantity/1"
[GIN] 2025/06/16 - 14:41:11 | 200 |         779µs |             ::1 | GET      "/role"
[GIN] 2025/06/16 - 14:41:11 | 200 |       542.7µs |             ::1 | GET      "/user"
[GIN] 2025/06/16 - 14:41:12 | 200 |       522.5µs |             ::1 | GET      "/role"
[GIN] 2025/06/16 - 14:41:12 | 204 |            0s |             ::1 | OPTIONS  "/user/1"
[GIN] 2025/06/16 - 14:41:12 | 200 |       547.7µs |             ::1 | GET      "/user/1"
[GIN] 2025/06/16 - 14:41:14 | 200 |       534.7µs |             ::1 | GET      "/role"
[GIN] 2025/06/16 - 14:41:14 | 200 |            0s |             ::1 | GET      "/user"
[GIN] 2025/06/16 - 14:41:14 | 200 |      1.0944ms |             ::1 | GET      "/role"
[GIN] 2025/06/16 - 14:41:15 | 200 |         513µs |             ::1 | GET      "/role"
[GIN] 2025/06/16 - 14:41:15 | 200 |            0s |             ::1 | GET      "/user"
[GIN] 2025/06/16 - 14:41:16 | 200 |      1.8496ms |             ::1 | GET      "/role"
[GIN] 2025/06/16 - 14:41:56 | 200 |       513.1µs |             ::1 | GET      "/user/validate"
[GIN] 2025/06/16 - 14:42:05 | 200 |      1.3305ms |             ::1 | GET      "/user/validate"
[GIN] 2025/06/16 - 14:42:08 | 200 |       514.6µs |             ::1 | GET      "/role"
[GIN] 2025/06/16 - 14:42:08 | 200 |       603.3µs |             ::1 | GET      "/user"
[GIN] 2025/06/16 - 14:42:19 | 200 |         635µs |             ::1 | GET      "/user/validate"
[GIN] 2025/06/16 - 14:42:21 | 200 |       576.3µs |             ::1 | GET      "/role"
[GIN] 2025/06/16 - 14:42:21 | 200 |         595µs |             ::1 | GET      "/user"
[GIN] 2025/06/16 - 14:42:21 | 200 |       654.1µs |             ::1 | GET      "/role"
[GIN] 2025/06/16 - 14:42:26 | 200 |       530.6µs |             ::1 | GET      "/user/validate"
[GIN] 2025/06/16 - 14:42:32 | 200 |      1.2346ms |             ::1 | GET      "/user/validate"
[GIN] 2025/06/16 - 14:42:34 | 200 |         554µs |             ::1 | GET      "/role"
[GIN] 2025/06/16 - 14:42:34 | 200 |       568.4µs |             ::1 | GET      "/user"
[GIN] 2025/06/16 - 14:42:35 | 200 |         561µs |             ::1 | GET      "/role"
[GIN] 2025/06/16 - 14:42:36 | 200 |       999.8µs |             ::1 | GET      "/role"
[GIN] 2025/06/16 - 14:42:36 | 200 |            0s |             ::1 | GET      "/user"
[GIN] 2025/06/16 - 14:42:38 | 200 |       558.4µs |             ::1 | GET      "/role"
[GIN] 2025/06/16 - 14:42:38 | 204 |            0s |             ::1 | OPTIONS  "/user/2"
[GIN] 2025/06/16 - 14:42:38 | 200 |       517.9µs |             ::1 | GET      "/user/2"
[GIN] 2025/06/16 - 14:42:39 | 200 |       541.7µs |             ::1 | GET      "/role"
[GIN] 2025/06/16 - 14:42:39 | 200 |            0s |             ::1 | GET      "/user"
[GIN] 2025/06/16 - 14:42:40 | 200 |       513.8µs |             ::1 | GET      "/role"
[GIN] 2025/06/16 - 14:42:41 | 200 |       511.8µs |             ::1 | GET      "/location"
[GIN] 2025/06/16 - 14:42:43 | 200 |       517.1µs |             ::1 | GET      "/location"
[GIN] 2025/06/16 - 14:43:56 | 200 |           1ms |             ::1 | GET      "/user/validate"
[GIN] 2025/06/16 - 14:43:58 | 200 |         554µs |             ::1 | GET      "/location"
[GIN] 2025/06/16 - 14:43:59 | 200 |       510.2µs |             ::1 | GET      "/location"
[GIN] 2025/06/16 - 14:44:00 | 204 |            0s |             ::1 | OPTIONS  "/location/1"
[GIN] 2025/06/16 - 14:44:00 | 200 |       528.8µs |             ::1 | GET      "/location/1"
[GIN] 2025/06/16 - 14:44:01 | 200 |       562.7µs |             ::1 | GET      "/location"
[GIN] 2025/06/16 - 14:44:03 | 200 |      1.9072ms |             ::1 | POST     "/location"
[GIN] 2025/06/16 - 14:44:04 | 200 |       521.1µs |             ::1 | GET      "/location"
[GIN] 2025/06/16 - 14:44:05 | 200 |       567.8µs |             ::1 | GET      "/category"
[GIN] 2025/06/16 - 14:44:05 | 200 |         589µs |             ::1 | GET      "/item"
[GIN] 2025/06/16 - 14:44:05 | 200 |            0s |             ::1 | GET      "/item/quantity/1"
[GIN] 2025/06/16 - 14:45:39 | 200 |      1.0291ms |             ::1 | GET      "/user/validate"
[GIN] 2025/06/16 - 14:45:41 | 200 |       573.6µs |             ::1 | GET      "/category"
[GIN] 2025/06/16 - 14:45:41 | 200 |       580.6µs |             ::1 | GET      "/item"
[GIN] 2025/06/16 - 14:45:41 | 200 |            0s |             ::1 | GET      "/item/quantity/1"
[GIN] 2025/06/16 - 14:45:42 | 200 |       541.6µs |             ::1 | GET      "/category"
[GIN] 2025/06/16 - 14:45:42 | 200 |         725µs |             ::1 | GET      "/category"
[GIN] 2025/06/16 - 14:45:42 | 200 |       517.8µs |             ::1 | GET      "/item"
[GIN] 2025/06/16 - 14:45:42 | 200 |            0s |             ::1 | GET      "/item/quantity/1"
[GIN] 2025/06/16 - 14:45:44 | 200 |       988.5µs |             ::1 | GET      "/category"
[GIN] 2025/06/16 - 14:45:44 | 200 |            0s |             ::1 | GET      "/item"
[GIN] 2025/06/16 - 14:45:44 | 200 |            0s |             ::1 | GET      "/item/quantity/1"
[GIN] 2025/06/16 - 14:45:44 | 200 |       513.4µs |             ::1 | GET      "/category"
[GIN] 2025/06/16 - 14:47:56 | 200 |       537.2µs |             ::1 | GET      "/user/validate"
[GIN] 2025/06/16 - 14:47:58 | 200 |      1.0412ms |             ::1 | GET      "/category"
[GIN] 2025/06/16 - 14:47:58 | 200 |       507.5µs |             ::1 | GET      "/item"
[GIN] 2025/06/16 - 14:47:58 | 200 |            0s |             ::1 | GET      "/item/quantity/1"
[GIN] 2025/06/16 - 14:48:01 | 200 |           1ms |             ::1 | GET      "/category"
[GIN] 2025/06/16 - 14:48:01 | 200 |       532.8µs |             ::1 | GET      "/item"
[GIN] 2025/06/16 - 14:48:01 | 200 |            0s |             ::1 | GET      "/item/quantity/1"
[GIN] 2025/06/16 - 14:48:02 | 200 |       513.2µs |             ::1 | GET      "/category"
[GIN] 2025/06/16 - 14:49:10 | 200 |       543.7µs |             ::1 | GET      "/user/validate"
[GIN] 2025/06/16 - 14:49:12 | 200 |       535.4µs |             ::1 | GET      "/category"
[GIN] 2025/06/16 - 14:49:12 | 200 |       586.8µs |             ::1 | GET      "/item"
[GIN] 2025/06/16 - 14:49:12 | 200 |            0s |             ::1 | GET      "/item/quantity/1"
[GIN] 2025/06/16 - 14:49:14 | 200 |      1.3275ms |             ::1 | GET      "/category"
[GIN] 2025/06/16 - 14:49:14 | 200 |       602.4µs |             ::1 | GET      "/item"
[GIN] 2025/06/16 - 14:49:14 | 200 |            0s |             ::1 | GET      "/item/quantity/1"
[GIN] 2025/06/16 - 14:49:15 | 200 |       506.5µs |             ::1 | GET      "/category"
[GIN] 2025/06/16 - 14:49:18 | 204 |            0s |             ::1 | OPTIONS  "/category/2"
[GIN] 2025/06/16 - 14:49:18 | 200 |            0s |             ::1 | GET      "/category/2"
[GIN] 2025/06/16 - 14:49:19 | 200 |       506.8µs |             ::1 | GET      "/category"
[GIN] 2025/06/16 - 14:49:20 | 200 |       532.4µs |             ::1 | GET      "/category/2"
[GIN] 2025/06/16 - 14:49:20 | 200 |      1.1838ms |             ::1 | PUT      "/category/2"
[GIN] 2025/06/16 - 14:49:22 | 200 |       514.2µs |             ::1 | GET      "/category"
[GIN] 2025/06/16 - 14:49:23 | 200 |       566.5µs |             ::1 | GET      "/category/2"
[GIN] 2025/06/16 - 14:49:24 | 200 |      1.0281ms |             ::1 | PUT      "/category/2"
[GIN] 2025/06/16 - 14:49:25 | 200 |       512.9µs |             ::1 | GET      "/category"
[GIN] 2025/06/16 - 14:49:26 | 200 |       585.7µs |             ::1 | GET      "/category"
[GIN] 2025/06/16 - 14:49:26 | 200 |            0s |             ::1 | GET      "/item"
[GIN] 2025/06/16 - 14:49:26 | 200 |            0s |             ::1 | GET      "/item/quantity/1"
[GIN] 2025/06/16 - 14:49:28 | 200 |       506.6µs |             ::1 | GET      "/location"
[GIN] 2025/06/16 - 14:49:30 | 200 |       541.9µs |             ::1 | GET      "/role"
[GIN] 2025/06/16 - 14:49:30 | 200 |       555.2µs |             ::1 | GET      "/user"
[GIN] 2025/06/16 - 14:49:31 | 200 |       565.3µs |             ::1 | GET      "/item"
[GIN] 2025/06/16 - 14:49:31 | 200 |     30.0445ms |             ::1 | GET      "/location"
[GIN] 2025/06/16 - 14:49:32 | 204 |            0s |             ::1 | OPTIONS  "/allocation"
[GIN] 2025/06/16 - 14:49:32 | 200 |      1.9113ms |             ::1 | GET      "/allocation"
[GIN] 2025/06/16 - 14:49:32 | 204 |            0s |             ::1 | OPTIONS  "/item/1"
[GIN] 2025/06/16 - 14:49:32 | 200 |       527.4µs |             ::1 | GET      "/user/1"
[GIN] 2025/06/16 - 14:49:32 | 200 |       540.5µs |             ::1 | GET      "/location/1"
[GIN] 2025/06/16 - 14:49:33 | 200 |     33.1077ms |             ::1 | GET      "/item/1"
[GIN] 2025/06/16 - 14:49:34 | 200 |       798.9µs |             ::1 | GET      "/item"
[GIN] 2025/06/16 - 14:49:34 | 200 |       798.9µs |             ::1 | GET      "/location"
[GIN] 2025/06/16 - 14:49:34 | 200 |       549.4µs |             ::1 | GET      "/role"
[GIN] 2025/06/16 - 14:49:34 | 200 |       587.5µs |             ::1 | GET      "/user"
[GIN] 2025/06/16 - 14:49:35 | 200 |       543.4µs |             ::1 | GET      "/location"
[GIN] 2025/06/16 - 14:49:36 | 200 |       520.8µs |             ::1 | GET      "/allocation"
[GIN] 2025/06/16 - 14:49:36 | 200 |       509.3µs |             ::1 | GET      "/item/1"
[GIN] 2025/06/16 - 14:49:36 | 200 |       509.3µs |             ::1 | GET      "/user/1"
[GIN] 2025/06/16 - 14:49:36 | 200 |     27.8396ms |             ::1 | GET      "/location/1"
[GIN] 2025/06/16 - 14:54:13 | 200 |      1.5317ms |             ::1 | GET      "/rel/allocbyitem"
[GIN] 2025/06/16 - 14:55:16 | 200 |      1.4999ms |             ::1 | GET      "/rel/itembycategory"
[GIN] 2025/06/16 - 14:55:18 | 200 |      1.0289ms |             ::1 | GET      "/rel/userbyrole"
[GIN] 2025/06/16 - 14:55:19 | 200 |       852.9µs |             ::1 | GET      "/user"
[GIN] 2025/06/16 - 14:55:19 | 200 |       561.4µs |             ::1 | GET      "/rel/allocbyuser"
[GIN] 2025/06/16 - 14:59:53 | 200 |       513.5µs |             ::1 | GET      "/category"
[GIN] 2025/06/16 - 14:59:53 | 200 |       520.1µs |             ::1 | GET      "/item"
[GIN] 2025/06/16 - 14:59:53 | 200 |            0s |             ::1 | GET      "/item/quantity/1"
[GIN] 2025/06/16 - 14:59:53 | 200 |       548.7µs |             ::1 | GET      "/location"
[GIN] 2025/06/16 - 14:59:55 | 200 |       684.1µs |             ::1 | GET      "/rel/itembylocation"
[GIN] 2025/06/16 - 15:02:12 | 200 |       657.7µs |             ::1 | GET      "/user/validate"
[GIN] 2025/06/16 - 15:02:15 | 200 |         508µs |             ::1 | GET      "/category"
[GIN] 2025/06/16 - 15:02:15 | 200 |       507.4µs |             ::1 | GET      "/item"
[GIN] 2025/06/16 - 15:02:15 | 200 |            0s |             ::1 | GET      "/item/quantity/1"
[GIN] 2025/06/16 - 15:02:17 | 200 |       828.7µs |             ::1 | GET      "/category"
[GIN] 2025/06/16 - 15:02:17 | 200 |       600.2µs |             ::1 | GET      "/item"
[GIN] 2025/06/16 - 15:02:17 | 200 |            0s |             ::1 | GET      "/item/quantity/1"
[GIN] 2025/06/16 - 15:02:17 | 200 |       575.8µs |             ::1 | GET      "/location"
[GIN] 2025/06/16 - 15:02:18 | 200 |       574.9µs |             ::1 | GET      "/category"
[GIN] 2025/06/16 - 15:02:18 | 200 |       511.8µs |             ::1 | GET      "/item"
[GIN] 2025/06/16 - 15:02:18 | 200 |            0s |             ::1 | GET      "/item/quantity/1"
[GIN] 2025/06/16 - 15:02:21 | 200 |       568.7µs |             ::1 | GET      "/category"
[GIN] 2025/06/16 - 15:02:21 | 200 |            0s |             ::1 | GET      "/item/1"
[GIN] 2025/06/16 - 15:02:25 | 200 |      1.7808ms |             ::1 | GET      "/category"
[GIN] 2025/06/16 - 15:02:25 | 200 |            0s |             ::1 | GET      "/item"
[GIN] 2025/06/16 - 15:02:25 | 200 |            0s |             ::1 | GET      "/item/quantity/1"
[GIN] 2025/06/16 - 15:02:27 | 200 |       560.4µs |             ::1 | GET      "/category"
[GIN] 2025/06/16 - 15:02:30 | 200 |      1.0004ms |             ::1 | GET      "/category"
[GIN] 2025/06/16 - 15:02:30 | 200 |      1.5167ms |             ::1 | GET      "/item"
[GIN] 2025/06/16 - 15:02:30 | 200 |            0s |             ::1 | GET      "/item/quantity/1"
[GIN] 2025/06/16 - 15:05:09 | 200 |       515.9µs |             ::1 | GET      "/location"
[GIN] 2025/06/16 - 15:05:12 | 200 |      1.3679ms |             ::1 | GET      "/category"
[GIN] 2025/06/16 - 15:05:12 | 200 |         509µs |             ::1 | GET      "/item"
[GIN] 2025/06/16 - 15:05:12 | 200 |            0s |             ::1 | GET      "/item/quantity/1"
[GIN] 2025/06/16 - 15:05:16 | 200 |      1.3252ms |             ::1 | GET      "/location"
[GIN] 2025/06/16 - 15:05:16 | 200 |      1.3252ms |             ::1 | GET      "/item"
[GIN] 2025/06/16 - 15:05:18 | 200 |       567.9µs |             ::1 | GET      "/allocation"
[GIN] 2025/06/16 - 15:05:18 | 200 |       540.9µs |             ::1 | GET      "/location/1"
[GIN] 2025/06/16 - 15:05:18 | 200 |      1.0517ms |             ::1 | GET      "/user/1"
[GIN] 2025/06/16 - 15:05:18 | 200 |     28.9191ms |             ::1 | GET      "/item/1"
[GIN] 2025/06/16 - 15:06:22 | 200 |       515.2µs |             ::1 | GET      "/user/validate"
[GIN] 2025/06/16 - 15:06:27 | 200 |       552.5µs |             ::1 | GET      "/location"
[GIN] 2025/06/16 - 15:06:39 | 200 |       510.1µs |             ::1 | GET      "/location"
[GIN] 2025/06/16 - 15:06:42 | 200 |      1.0161ms |             ::1 | GET      "/role"
[GIN] 2025/06/16 - 15:06:42 | 200 |         514µs |             ::1 | GET      "/user"
[GIN] 2025/06/16 - 15:07:45 | 200 |       519.2µs |             ::1 | GET      "/user/validate"
[GIN] 2025/06/16 - 15:07:50 | 200 |       550.3µs |             ::1 | GET      "/category"
[GIN] 2025/06/16 - 15:07:50 | 200 |       615.3µs |             ::1 | GET      "/item"
[GIN] 2025/06/16 - 15:07:50 | 200 |            0s |             ::1 | GET      "/item/quantity/1"
[GIN] 2025/06/16 - 15:10:02 | 200 |       838.4µs |             ::1 | GET      "/category"
[GIN] 2025/06/16 - 15:10:02 | 200 |       608.1µs |             ::1 | GET      "/item"
[GIN] 2025/06/16 - 15:10:02 | 200 |            0s |             ::1 | GET      "/item/quantity/1"
[GIN] 2025/06/16 - 15:10:05 | 200 |       526.8µs |             ::1 | GET      "/location"
[GIN] 2025/06/16 - 15:10:11 | 200 |       511.7µs |             ::1 | GET      "/category"
[GIN] 2025/06/16 - 15:10:11 | 200 |           1ms |             ::1 | GET      "/item"
[GIN] 2025/06/16 - 15:10:11 | 200 |            0s |             ::1 | GET      "/item/quantity/1"
[GIN] 2025/06/16 - 15:10:12 | 200 |       586.8µs |             ::1 | GET      "/role"
[GIN] 2025/06/16 - 15:10:12 | 200 |       577.9µs |             ::1 | GET      "/user"
[GIN] 2025/06/16 - 15:10:19 | 200 |       520.8µs |             ::1 | GET      "/category"
[GIN] 2025/06/16 - 15:10:19 | 200 |       564.8µs |             ::1 | GET      "/item"
[GIN] 2025/06/16 - 15:10:19 | 200 |            0s |             ::1 | GET      "/item/quantity/1"
[GIN] 2025/06/16 - 15:10:27 | 200 |       514.8µs |             ::1 | GET      "/category"
[GIN] 2025/06/16 - 15:10:30 | 200 |       662.3µs |             ::1 | GET      "/category"
[GIN] 2025/06/16 - 15:10:30 | 200 |            0s |             ::1 | GET      "/item"
[GIN] 2025/06/16 - 15:10:30 | 200 |            0s |             ::1 | GET      "/item/quantity/1"
[GIN] 2025/06/16 - 15:10:33 | 200 |       543.6µs |             ::1 | GET      "/location"
[GIN] 2025/06/16 - 15:10:36 | 200 |       542.7µs |             ::1 | GET      "/location"
[GIN] 2025/06/16 - 15:10:38 | 200 |      1.0764ms |             ::1 | GET      "/category"
[GIN] 2025/06/16 - 15:10:38 | 200 |       511.8µs |             ::1 | GET      "/item"
[GIN] 2025/06/16 - 15:10:38 | 200 |       523.2µs |             ::1 | GET      "/item/quantity/1"
[GIN] 2025/06/16 - 15:10:41 | 200 |       586.8µs |             ::1 | GET      "/category"
[GIN] 2025/06/16 - 15:10:47 | 200 |      2.0146ms |             ::1 | POST     "/item"
[GIN] 2025/06/16 - 15:10:48 | 200 |       538.4µs |             ::1 | GET      "/category"
[GIN] 2025/06/16 - 15:10:48 | 200 |            0s |             ::1 | GET      "/item"
[GIN] 2025/06/16 - 15:10:48 | 204 |            0s |             ::1 | OPTIONS  "/item/quantity/2"
[GIN] 2025/06/16 - 15:10:48 | 200 |         582µs |             ::1 | GET      "/item/quantity/1"
[GIN] 2025/06/16 - 15:10:48 | 200 |       536.7µs |             ::1 | GET      "/item/quantity/2"
[GIN] 2025/06/16 - 15:11:37 | 200 |      1.0161ms |             ::1 | GET      "/rel/itembylocation"
[GIN] 2025/06/16 - 15:11:39 | 200 |      1.1586ms |             ::1 | GET      "/category"
[GIN] 2025/06/16 - 15:11:39 | 200 |       515.5µs |             ::1 | GET      "/item"
[GIN] 2025/06/16 - 15:11:39 | 200 |            0s |             ::1 | GET      "/item/quantity/1"
[GIN] 2025/06/16 - 15:11:39 | 200 |         511µs |             ::1 | GET      "/item/quantity/2"
[GIN] 2025/06/16 - 15:11:41 | 200 |       528.8µs |             ::1 | GET      "/role"
[GIN] 2025/06/16 - 15:11:41 | 200 |       1.389ms |             ::1 | GET      "/user"
[GIN] 2025/06/16 - 15:11:43 | 200 |      1.1745ms |             ::1 | GET      "/category"
[GIN] 2025/06/16 - 15:11:43 | 200 |       581.5µs |             ::1 | GET      "/item"
[GIN] 2025/06/16 - 15:11:43 | 200 |            0s |             ::1 | GET      "/item/quantity/1"
[GIN] 2025/06/16 - 15:11:43 | 200 |         512µs |             ::1 | GET      "/item/quantity/2"
[GIN] 2025/06/16 - 15:12:28 | 200 |       538.2µs |             ::1 | GET      "/category"
[GIN] 2025/06/16 - 15:12:28 | 200 |         511µs |             ::1 | GET      "/item"
[GIN] 2025/06/16 - 15:12:28 | 200 |       527.3µs |             ::1 | GET      "/item/quantity/1"
[GIN] 2025/06/16 - 15:12:28 | 200 |       527.3µs |             ::1 | GET      "/item/quantity/2"
[GIN] 2025/06/16 - 15:12:30 | 200 |       511.7µs |             ::1 | GET      "/role"
[GIN] 2025/06/16 - 15:12:30 | 200 |         590µs |             ::1 | GET      "/user"
[GIN] 2025/06/16 - 15:12:37 | 200 |       540.6µs |             ::1 | GET      "/category"
[GIN] 2025/06/16 - 15:12:37 | 200 |       530.8µs |             ::1 | GET      "/item"
[GIN] 2025/06/16 - 15:12:37 | 200 |            0s |             ::1 | GET      "/item/quantity/1"
[GIN] 2025/06/16 - 15:12:37 | 200 |       503.4µs |             ::1 | GET      "/item/quantity/2"
[GIN] 2025/06/16 - 15:17:03 | 200 |       616.8µs |             ::1 | GET      "/user/validate"
[GIN] 2025/06/16 - 15:17:06 | 200 |       587.1µs |             ::1 | GET      "/location"
[GIN] 2025/06/16 - 15:17:08 | 200 |       609.5µs |             ::1 | GET      "/category"
[GIN] 2025/06/16 - 15:17:08 | 200 |       614.7µs |             ::1 | GET      "/item"
[GIN] 2025/06/16 - 15:17:08 | 200 |            0s |             ::1 | GET      "/item/quantity/1"
[GIN] 2025/06/16 - 15:17:08 | 200 |       509.3µs |             ::1 | GET      "/item/quantity/2"
[GIN] 2025/06/16 - 15:17:38 | 200 |      1.0291ms |             ::1 | GET      "/user/validate"
[GIN] 2025/06/16 - 15:17:41 | 200 |       545.2µs |             ::1 | GET      "/category"
[GIN] 2025/06/16 - 15:17:41 | 200 |       996.8µs |             ::1 | GET      "/item"
[GIN] 2025/06/16 - 15:17:41 | 200 |            0s |             ::1 | GET      "/item/quantity/1"
[GIN] 2025/06/16 - 15:17:41 | 200 |       512.7µs |             ::1 | GET      "/item/quantity/2"
[GIN] 2025/06/16 - 15:19:29 | 200 |       579.8µs |             ::1 | GET      "/location"
[GIN] 2025/06/16 - 15:19:32 | 200 |       584.7µs |             ::1 | GET      "/role"
[GIN] 2025/06/16 - 15:19:32 | 200 |       516.4µs |             ::1 | GET      "/user"
[GIN] 2025/06/16 - 15:19:36 | 200 |       507.1µs |             ::1 | GET      "/category"
[GIN] 2025/06/16 - 15:19:36 | 200 |       584.6µs |             ::1 | GET      "/item"
[GIN] 2025/06/16 - 15:19:36 | 200 |       502.3µs |             ::1 | GET      "/item/quantity/1"
[GIN] 2025/06/16 - 15:19:36 | 200 |         521µs |             ::1 | GET      "/item/quantity/2"
[GIN] 2025/06/16 - 15:19:44 | 200 |       657.8µs |             ::1 | GET      "/category"
[GIN] 2025/06/16 - 15:19:44 | 204 |            0s |             ::1 | OPTIONS  "/item/2"
[GIN] 2025/06/16 - 15:19:44 | 200 |       514.3µs |             ::1 | GET      "/item/2"
[GIN] 2025/06/16 - 15:19:46 | 200 |       514.9µs |             ::1 | GET      "/category"
[GIN] 2025/06/16 - 15:19:46 | 200 |            0s |             ::1 | GET      "/item"
[GIN] 2025/06/16 - 15:19:46 | 200 |            0s |             ::1 | GET      "/item/quantity/1"
[GIN] 2025/06/16 - 15:19:46 | 200 |            0s |             ::1 | GET      "/item/quantity/2"
[GIN] 2025/06/16 - 15:21:26 | 200 |       773.3µs |             ::1 | GET      "/category"
[GIN] 2025/06/16 - 15:21:26 | 200 |       997.7µs |             ::1 | GET      "/item/1"
[GIN] 2025/06/16 - 15:21:27 | 200 |       558.7µs |             ::1 | GET      "/category"
[GIN] 2025/06/16 - 15:21:28 | 200 |            0s |             ::1 | GET      "/item"
[GIN] 2025/06/16 - 15:21:28 | 200 |            0s |             ::1 | GET      "/item/quantity/1"
[GIN] 2025/06/16 - 15:21:28 | 200 |       554.5µs |             ::1 | GET      "/item/quantity/2"
[GIN] 2025/06/16 - 15:21:29 | 200 |       513.7µs |             ::1 | GET      "/location"
[GIN] 2025/06/16 - 15:21:32 | 200 |       519.9µs |             ::1 | GET      "/role"
[GIN] 2025/06/16 - 15:21:32 | 200 |       509.3µs |             ::1 | GET      "/user"
[GIN] 2025/06/16 - 15:21:34 | 200 |       543.6µs |             ::1 | GET      "/category"
[GIN] 2025/06/16 - 15:21:34 | 200 |       554.8µs |             ::1 | GET      "/item"
[GIN] 2025/06/16 - 15:21:34 | 200 |            0s |             ::1 | GET      "/item/quantity/1"
[GIN] 2025/06/16 - 15:21:34 | 200 |            0s |             ::1 | GET      "/item/quantity/2"
[GIN] 2025/06/16 - 15:21:37 | 200 |       587.8µs |             ::1 | GET      "/location"
[GIN] 2025/06/16 - 15:21:37 | 200 |       1.101ms |             ::1 | GET      "/item"
[GIN] 2025/06/16 - 15:21:38 | 200 |         510µs |             ::1 | GET      "/allocation"
[GIN] 2025/06/16 - 15:21:38 | 200 |       527.2µs |             ::1 | GET      "/item/1"
[GIN] 2025/06/16 - 15:21:38 | 200 |       527.2µs |             ::1 | GET      "/user/1"
[GIN] 2025/06/16 - 15:21:38 | 200 |     29.4525ms |             ::1 | GET      "/location/1"
[GIN] 2025/06/16 - 15:22:55 | 200 |      1.1653ms |             ::1 | GET      "/user/validate"
[GIN] 2025/06/16 - 15:22:59 | 200 |       507.2µs |             ::1 | GET      "/location"
[GIN] 2025/06/16 - 15:22:59 | 200 |       507.2µs |             ::1 | GET      "/item"
[GIN] 2025/06/16 - 15:23:01 | 200 |       550.4µs |             ::1 | GET      "/allocation"
[GIN] 2025/06/16 - 15:23:01 | 200 |       510.6µs |             ::1 | GET      "/item/1"
[GIN] 2025/06/16 - 15:23:01 | 200 |       510.6µs |             ::1 | GET      "/user/1"
[GIN] 2025/06/16 - 15:23:01 | 200 |     28.4349ms |             ::1 | GET      "/location/1"
[GIN] 2025/06/16 - 15:23:08 | 200 |      1.0547ms |             ::1 | GET      "/category"
[GIN] 2025/06/16 - 15:23:08 | 200 |       599.4µs |             ::1 | GET      "/item"
[GIN] 2025/06/16 - 15:23:08 | 200 |            0s |             ::1 | GET      "/item/quantity/1"
[GIN] 2025/06/16 - 15:23:08 | 200 |            0s |             ::1 | GET      "/item/quantity/2"
[GIN] 2025/06/16 - 15:23:08 | 200 |       545.8µs |             ::1 | GET      "/location"
[GIN] 2025/06/16 - 15:23:09 | 200 |       573.2µs |             ::1 | GET      "/role"
[GIN] 2025/06/16 - 15:23:09 | 200 |       547.9µs |             ::1 | GET      "/user"
[GIN] 2025/06/16 - 15:23:10 | 200 |       525.7µs |             ::1 | GET      "/allocation"
[GIN] 2025/06/16 - 15:23:10 | 200 |       511.9µs |             ::1 | GET      "/item/1"
[GIN] 2025/06/16 - 15:23:10 | 200 |       511.9µs |             ::1 | GET      "/user/1"
[GIN] 2025/06/16 - 15:23:10 | 200 |     27.6348ms |             ::1 | GET      "/location/1"
[GIN] 2025/06/16 - 15:23:14 | 200 |       511.3µs |             ::1 | GET      "/user"
[GIN] 2025/06/16 - 15:23:14 | 200 |         567µs |             ::1 | GET      "/rel/allocbyuser"
[GIN] 2025/06/16 - 15:24:36 | 200 |      2.1778ms |             ::1 | GET      "/user/validate"
[GIN] 2025/06/16 - 15:24:41 | 200 |       643.6µs |             ::1 | GET      "/user"
[GIN] 2025/06/16 - 15:24:41 | 200 |       507.4µs |             ::1 | GET      "/rel/allocbyuser"
[GIN] 2025/06/16 - 15:24:45 | 200 |       535.7µs |             ::1 | GET      "/rel/itembylocation"
[GIN] 2025/06/16 - 15:24:50 | 200 |       537.2µs |             ::1 | GET      "/user/validate"
[GIN] 2025/06/16 - 15:27:52 | 200 |       657.3µs |             ::1 | GET      "/user/validate"
[GIN] 2025/06/16 - 15:27:54 | 200 |      2.0094ms |             ::1 | GET      "/rel/allocbyitem"
[GIN] 2025/06/16 - 15:28:48 | 200 |         507µs |             ::1 | GET      "/user/validate"
[GIN] 2025/06/16 - 15:28:49 | 200 |       574.6µs |             ::1 | GET      "/user/validate"
[GIN] 2025/06/16 - 15:28:52 | 200 |       610.2µs |             ::1 | GET      "/rel/allocbyitem"
[GIN] 2025/06/16 - 15:28:53 | 200 |       650.5µs |             ::1 | GET      "/rel/allocbyitem"
[GIN] 2025/06/16 - 15:28:54 | 200 |       542.3µs |             ::1 | GET      "/user"
[GIN] 2025/06/16 - 15:28:54 | 200 |            0s |             ::1 | GET      "/rel/allocbyuser"
[GIN] 2025/06/16 - 15:29:40 | 200 |      1.2045ms |             ::1 | GET      "/user/validate"
[GIN] 2025/06/16 - 15:29:43 | 200 |       889.1µs |             ::1 | GET      "/rel/itembycategory"
[GIN] 2025/06/16 - 15:29:46 | 200 |       513.4µs |             ::1 | GET      "/rel/itembycategory"
[GIN] 2025/06/16 - 15:31:20 | 200 |      1.0608ms |             ::1 | GET      "/user/validate"
[GIN] 2025/06/16 - 15:31:23 | 200 |       510.1µs |             ::1 | GET      "/rel/userbyrole"
[GIN] 2025/06/16 - 15:31:26 | 200 |       541.8µs |             ::1 | GET      "/rel/itembycategory"
[GIN] 2025/06/16 - 15:31:29 | 200 |       534.8µs |             ::1 | GET      "/rel/userbyrole"
[GIN] 2025/06/16 - 15:31:59 | 200 |       514.7µs |             ::1 | GET      "/user/validate"
[GIN] 2025/06/16 - 15:32:06 | 200 |       545.6µs |             ::1 | GET      "/rel/itembycategory"
[GIN] 2025/06/16 - 15:32:08 | 200 |       519.2µs |             ::1 | GET      "/rel/itembylocation"
[GIN] 2025/06/16 - 15:32:09 | 200 |       551.2µs |             ::1 | GET      "/rel/allocbyitem"
[GIN] 2025/06/16 - 15:32:10 | 200 |       563.6µs |             ::1 | GET      "/user"
[GIN] 2025/06/16 - 15:32:10 | 200 |            0s |             ::1 | GET      "/rel/allocbyuser"
[GIN] 2025/06/16 - 15:32:13 | 200 |       683.4µs |             ::1 | GET      "/rel/userbyrole"
[GIN] 2025/06/16 - 15:32:15 | 200 |       530.3µs |             ::1 | GET      "/rel/itembycategory"
[GIN] 2025/06/16 - 15:32:17 | 200 |       517.1µs |             ::1 | GET      "/rel/itembylocation"
[GIN] 2025/06/16 - 15:32:17 | 200 |       530.1µs |             ::1 | GET      "/rel/allocbyitem"
[GIN] 2025/06/16 - 15:32:19 | 200 |       537.1µs |             ::1 | GET      "/user"
[GIN] 2025/06/16 - 15:32:19 | 200 |            0s |             ::1 | GET      "/rel/allocbyuser"
[GIN] 2025/06/16 - 15:32:37 | 200 |       578.9µs |             ::1 | GET      "/user"
[GIN] 2025/06/16 - 15:32:37 | 200 |            0s |             ::1 | GET      "/rel/allocbyuser"
[GIN] 2025/06/16 - 15:32:41 | 200 |         522µs |             ::1 | GET      "/rel/itembycategory"
[GIN] 2025/06/16 - 15:32:42 | 200 |         549µs |             ::1 | GET      "/rel/userbyrole"
[GIN] 2025/06/16 - 15:32:43 | 200 |       509.3µs |             ::1 | GET      "/rel/itembylocation"
[GIN] 2025/06/16 - 15:32:45 | 200 |       543.9µs |             ::1 | GET      "/rel/allocbyitem"
[GIN] 2025/06/16 - 15:32:46 | 200 |       689.9µs |             ::1 | GET      "/rel/allocbyitem"
[GIN] 2025/06/16 - 15:32:47 | 200 |       527.1µs |             ::1 | GET      "/user"
[GIN] 2025/06/16 - 15:32:47 | 200 |            0s |             ::1 | GET      "/rel/allocbyuser"
[GIN] 2025/06/16 - 15:32:48 | 200 |       690.2µs |             ::1 | GET      "/rel/allocbyitem"
[GIN] 2025/06/16 - 15:32:53 | 200 |      1.1362ms |             ::1 | GET      "/user/validate"
[GIN] 2025/06/16 - 15:32:56 | 200 |       546.4µs |             ::1 | GET      "/user"
[GIN] 2025/06/16 - 15:32:56 | 200 |            0s |             ::1 | GET      "/rel/allocbyuser"
[GIN] 2025/06/16 - 15:32:57 | 200 |         513µs |             ::1 | GET      "/rel/allocbyitem"
[GIN] 2025/06/16 - 15:32:59 | 200 |       562.1µs |             ::1 | GET      "/rel/itembylocation"
[GIN] 2025/06/16 - 15:33:04 | 200 |       537.1µs |             ::1 | GET      "/rel/itembycategory"
[GIN] 2025/06/16 - 15:33:18 | 200 |       574.7µs |             ::1 | GET      "/user/validate"
[GIN] 2025/06/16 - 15:33:21 | 200 |       593.7µs |             ::1 | GET      "/rel/userbyrole"
[GIN] 2025/06/16 - 15:33:39 | 200 |       506.3µs |             ::1 | GET      "/user/validate"
[GIN] 2025/06/16 - 15:33:45 | 200 |       581.8µs |             ::1 | GET      "/user/validate"
[GIN] 2025/06/16 - 15:33:48 | 200 |       520.5µs |             ::1 | GET      "/user"
[GIN] 2025/06/16 - 15:33:48 | 200 |            0s |             ::1 | GET      "/rel/allocbyuser"
[GIN] 2025/06/16 - 15:33:49 | 200 |       571.5µs |             ::1 | GET      "/rel/allocbyitem"
[GIN] 2025/06/16 - 15:33:50 | 200 |       524.3µs |             ::1 | GET      "/rel/itembylocation"
[GIN] 2025/06/16 - 15:33:52 | 200 |       511.3µs |             ::1 | GET      "/rel/itembycategory"
[GIN] 2025/06/16 - 15:33:57 | 200 |       550.3µs |             ::1 | GET      "/rel/userbyrole"
[GIN] 2025/06/16 - 15:35:29 | 200 |       687.8µs |             ::1 | GET      "/user/validate"
[GIN] 2025/06/16 - 15:35:31 | 200 |       582.1µs |             ::1 | GET      "/user"
[GIN] 2025/06/16 - 15:35:31 | 200 |      1.0611ms |             ::1 | GET      "/rel/allocbyuser"
[GIN] 2025/06/16 - 15:35:34 | 200 |       694.6µs |             ::1 | GET      "/rel/allocbyitem"
[GIN] 2025/06/16 - 15:35:36 | 200 |       538.9µs |             ::1 | GET      "/rel/itembylocation"
[GIN] 2025/06/16 - 15:35:41 | 200 |       516.1µs |             ::1 | GET      "/user/validate"
[GIN] 2025/06/16 - 15:35:42 | 200 |       548.4µs |             ::1 | GET      "/user/validate"
[GIN] 2025/06/16 - 15:35:43 | 200 |       580.1µs |             ::1 | GET      "/user/validate"
[GIN] 2025/06/16 - 15:35:44 | 200 |       538.5µs |             ::1 | GET      "/user/validate"
[GIN] 2025/06/16 - 15:35:48 | 200 |      1.0009ms |             ::1 | GET      "/user"
[GIN] 2025/06/16 - 15:35:48 | 200 |            0s |             ::1 | GET      "/rel/allocbyuser"
[GIN] 2025/06/16 - 15:35:49 | 200 |            0s |             ::1 | GET      "/rel/allocbyitem"
[GIN] 2025/06/16 - 15:35:50 | 200 |       878.1µs |             ::1 | GET      "/rel/itembylocation"
[GIN] 2025/06/16 - 15:35:52 | 200 |      1.0706ms |             ::1 | GET      "/rel/itembycategory"
[GIN] 2025/06/16 - 15:35:53 | 200 |       666.5µs |             ::1 | GET      "/rel/userbyrole"
[GIN] 2025/06/16 - 15:35:56 | 200 |         521µs |             ::1 | GET      "/rel/allocbyitem"
[GIN] 2025/06/16 - 15:35:58 | 200 |       508.4µs |             ::1 | GET      "/rel/itembylocation"
[GIN] 2025/06/16 - 15:37:29 | 200 |       1.079ms |             ::1 | GET      "/user/validate"
[GIN] 2025/06/16 - 15:37:32 | 200 |            0s |             ::1 | GET      "/rel/itembycategory"
[GIN] 2025/06/16 - 15:37:33 | 200 |       524.6µs |             ::1 | GET      "/rel/itembylocation"
[GIN] 2025/06/16 - 15:38:26 | 200 |       666.6µs |             ::1 | GET      "/user/validate"
[GIN] 2025/06/16 - 15:38:33 | 200 |       510.4µs |             ::1 | GET      "/rel/userbyrole"
[GIN] 2025/06/16 - 15:38:35 | 200 |       523.6µs |             ::1 | GET      "/rel/itembycategory"
[GIN] 2025/06/16 - 15:38:55 | 200 |         519µs |             ::1 | GET      "/user/validate"
[GIN] 2025/06/16 - 15:40:23 | 200 |       565.2µs |             ::1 | GET      "/user/validate"
[GIN] 2025/06/16 - 15:40:45 | 200 |       568.9µs |             ::1 | GET      "/user"
[GIN] 2025/06/16 - 15:40:45 | 200 |            0s |             ::1 | GET      "/rel/allocbyuser"
[GIN] 2025/06/16 - 15:42:32 | 204 |            0s |             ::1 | OPTIONS  "/user/validate"
[GIN] 2025/06/16 - 15:42:32 | 200 |       995.1µs |             ::1 | GET      "/user/validate"
[GIN] 2025/06/16 - 15:42:39 | 204 |            0s |             ::1 | OPTIONS  "/user"
[GIN] 2025/06/16 - 15:42:39 | 200 |       547.8µs |             ::1 | GET      "/user"
[GIN] 2025/06/16 - 15:42:39 | 204 |            0s |             ::1 | OPTIONS  "/rel/allocbyuser"
[GIN] 2025/06/16 - 15:42:39 | 200 |       507.9µs |             ::1 | GET      "/rel/allocbyuser"
[GIN] 2025/06/16 - 15:42:51 | 200 |       520.9µs |             ::1 | GET      "/user"
[GIN] 2025/06/16 - 15:42:51 | 200 |            0s |             ::1 | GET      "/rel/allocbyuser"
[GIN] 2025/06/16 - 15:42:53 | 200 |            0s |             ::1 | GET      "/rel/itembycategory"
[GIN] 2025/06/16 - 15:44:39 | 200 |      1.1311ms |             ::1 | GET      "/user"
[GIN] 2025/06/16 - 15:44:39 | 200 |            0s |             ::1 | GET      "/rel/allocbyuser"
[GIN] 2025/06/16 - 15:46:23 | 200 |      1.0007ms |             ::1 | GET      "/user/validate"
[GIN] 2025/06/16 - 15:46:26 | 200 |       512.4µs |             ::1 | GET      "/user"
[GIN] 2025/06/16 - 15:46:26 | 200 |       997.4µs |             ::1 | GET      "/rel/allocbyuser"
[GIN] 2025/06/16 - 15:46:29 | 200 |       699.7µs |             ::1 | GET      "/rel/allocbyitem"
[GIN] 2025/06/16 - 15:46:32 | 200 |       568.8µs |             ::1 | GET      "/rel/itembylocation"
[GIN] 2025/06/16 - 15:48:03 | 200 |       594.8µs |             ::1 | GET      "/user"
[GIN] 2025/06/16 - 15:48:03 | 200 |            0s |             ::1 | GET      "/rel/allocbyuser"
[GIN] 2025/06/16 - 15:48:05 | 200 |         551µs |             ::1 | GET      "/rel/itembycategory"
[GIN] 2025/06/16 - 15:48:29 | 200 |      1.2937ms |             ::1 | GET      "/user"
[GIN] 2025/06/16 - 15:48:29 | 200 |            0s |             ::1 | GET      "/rel/allocbyuser"
[GIN] 2025/06/16 - 15:48:33 | 200 |         545µs |             ::1 | GET      "/rel/allocbyitem"
[GIN] 2025/06/16 - 15:48:35 | 200 |       546.6µs |             ::1 | GET      "/user"
[GIN] 2025/06/16 - 15:48:35 | 200 |            0s |             ::1 | GET      "/rel/allocbyuser"
[GIN] 2025/06/16 - 15:48:41 | 200 |         522µs |             ::1 | GET      "/rel/allocbyitem"
[GIN] 2025/06/16 - 15:48:44 | 200 |       522.6µs |             ::1 | GET      "/rel/itembylocation"
[GIN] 2025/06/16 - 15:48:56 | 200 |       553.8µs |             ::1 | GET      "/user/validate"
[GIN] 2025/06/16 - 15:49:00 | 200 |       511.6µs |             ::1 | GET      "/rel/itembylocation"
[GIN] 2025/06/16 - 15:49:03 | 204 |            0s |             ::1 | OPTIONS  "/rel/userbyrole"
[GIN] 2025/06/16 - 15:49:03 | 200 |       528.2µs |             ::1 | GET      "/rel/userbyrole"
[GIN] 2025/06/16 - 15:49:05 | 200 |       593.5µs |             ::1 | GET      "/rel/itembycategory"
[GIN] 2025/06/16 - 15:49:08 | 200 |       533.9µs |             ::1 | GET      "/rel/itembylocation"
[GIN] 2025/06/16 - 15:49:10 | 200 |       540.5µs |             ::1 | GET      "/user"
[GIN] 2025/06/16 - 15:49:10 | 200 |            0s |             ::1 | GET      "/rel/allocbyuser"
[GIN] 2025/06/16 - 15:50:49 | 200 |       517.7µs |             ::1 | GET      "/user"
[GIN] 2025/06/16 - 15:50:49 | 200 |            0s |             ::1 | GET      "/rel/allocbyuser"
[GIN] 2025/06/16 - 15:54:44 | 204 |            0s |             ::1 | OPTIONS  "/item"
[GIN] 2025/06/16 - 15:54:44 | 204 |            0s |             ::1 | OPTIONS  "/location"
[GIN] 2025/06/16 - 15:54:44 | 200 |       520.9µs |             ::1 | GET      "/item"
[GIN] 2025/06/16 - 15:54:44 | 200 |       520.9µs |             ::1 | GET      "/location"
[GIN] 2025/06/16 - 15:54:45 | 200 |       561.9µs |             ::1 | GET      "/allocation"
[GIN] 2025/06/16 - 15:54:45 | 200 |       999.2µs |             ::1 | GET      "/item/1"
[GIN] 2025/06/16 - 15:54:45 | 200 |       999.2µs |             ::1 | GET      "/user/1"
[GIN] 2025/06/16 - 15:54:45 | 200 |     40.1666ms |             ::1 | GET      "/location/1"
[GIN] 2025/06/16 - 15:54:46 | 204 |            0s |             ::1 | OPTIONS  "/category"
[GIN] 2025/06/16 - 15:54:46 | 200 |       513.8µs |             ::1 | GET      "/category"
[GIN] 2025/06/16 - 15:54:46 | 200 |       580.6µs |             ::1 | GET      "/item"
[GIN] 2025/06/16 - 15:54:46 | 204 |            0s |             ::1 | OPTIONS  "/item/quantity/1"
[GIN] 2025/06/16 - 15:54:46 | 200 |            0s |             ::1 | GET      "/item/quantity/2"
[GIN] 2025/06/16 - 15:54:46 | 200 |            0s |             ::1 | GET      "/item/quantity/1"
[GIN] 2025/06/16 - 15:54:47 | 200 |       569.1µs |             ::1 | GET      "/location"
[GIN] 2025/06/16 - 15:54:51 | 200 |      1.0251ms |             ::1 | GET      "/location"
[GIN] 2025/06/16 - 15:54:53 | 204 |            0s |             ::1 | OPTIONS  "/role"
[GIN] 2025/06/16 - 15:54:53 | 200 |       510.2µs |             ::1 | GET      "/role"
[GIN] 2025/06/16 - 15:54:53 | 200 |       507.3µs |             ::1 | GET      "/user"
[GIN] 2025/06/16 - 15:54:56 | 200 |       669.6µs |             ::1 | GET      "/location"
[GIN] 2025/06/16 - 15:54:56 | 200 |      1.1827ms |             ::1 | GET      "/item"
[GIN] 2025/06/16 - 15:54:58 | 200 |       520.1µs |             ::1 | GET      "/allocation"
[GIN] 2025/06/16 - 15:54:58 | 200 |       512.2µs |             ::1 | GET      "/user/1"
[GIN] 2025/06/16 - 15:54:58 | 200 |       512.2µs |             ::1 | GET      "/item/1"
[GIN] 2025/06/16 - 15:54:58 | 200 |     28.6501ms |             ::1 | GET      "/location/1"
[GIN] 2025/06/16 - 15:55:06 | 200 |       521.8µs |             ::1 | GET      "/allocation"
[GIN] 2025/06/16 - 15:55:06 | 200 |       512.1µs |             ::1 | GET      "/item/1"
[GIN] 2025/06/16 - 15:55:06 | 200 |       512.1µs |             ::1 | GET      "/user/1"
[GIN] 2025/06/16 - 15:55:06 | 200 |      35.375ms |             ::1 | GET      "/location/1"
[GIN] 2025/06/16 - 15:55:09 | 200 |         508µs |             ::1 | GET      "/user"
[GIN] 2025/06/16 - 15:55:09 | 200 |            0s |             ::1 | GET      "/rel/allocbyuser"
[GIN] 2025/06/16 - 15:55:42 | 200 |      1.0371ms |             ::1 | GET      "/allocation"
[GIN] 2025/06/16 - 15:55:42 | 200 |         515µs |             ::1 | GET      "/item/1"
[GIN] 2025/06/16 - 15:55:42 | 200 |         515µs |             ::1 | GET      "/user/1"
[GIN] 2025/06/16 - 15:55:42 | 200 |     29.1375ms |             ::1 | GET      "/location/1"
[GIN] 2025/06/16 - 15:55:43 | 200 |      1.2118ms |             ::1 | GET      "/location"
[GIN] 2025/06/16 - 15:55:43 | 200 |      1.2118ms |             ::1 | GET      "/item"
[GIN] 2025/06/16 - 15:58:04 | 200 |       544.4µs |             ::1 | GET      "/role"
[GIN] 2025/06/16 - 15:58:04 | 200 |       532.6µs |             ::1 | GET      "/user"
[GIN] 2025/06/16 - 15:58:04 | 200 |      1.1672ms |             ::1 | GET      "/location"
[GIN] 2025/06/16 - 15:58:04 | 200 |      1.1672ms |             ::1 | GET      "/item"
[GIN] 2025/06/16 - 15:58:05 | 200 |       584.9µs |             ::1 | GET      "/allocation"
[GIN] 2025/06/16 - 15:58:05 | 200 |       512.8µs |             ::1 | GET      "/user/1"
[GIN] 2025/06/16 - 15:58:05 | 200 |       512.8µs |             ::1 | GET      "/item/1"
[GIN] 2025/06/16 - 15:58:05 | 200 |     28.1476ms |             ::1 | GET      "/location/1"
[GIN] 2025/06/16 - 15:58:20 | 200 |       514.8µs |             ::1 | GET      "/location"
[GIN] 2025/06/16 - 15:58:20 | 200 |       514.8µs |             ::1 | GET      "/item"
[GIN] 2025/06/16 - 15:58:23 | 200 |      1.4987ms |             ::1 | POST     "/allocation"
[GIN] 2025/06/16 - 15:58:27 | 200 |       512.9µs |             ::1 | GET      "/allocation"
[GIN] 2025/06/16 - 15:58:27 | 204 |            0s |             ::1 | OPTIONS  "/location/2"
[GIN] 2025/06/16 - 15:58:27 | 200 |       505.4µs |             ::1 | GET      "/item/1"
[GIN] 2025/06/16 - 15:58:27 | 200 |      1.0336ms |             ::1 | GET      "/item/2"
[GIN] 2025/06/16 - 15:58:27 | 200 |       1.048ms |             ::1 | GET      "/user/1"
[GIN] 2025/06/16 - 15:58:27 | 200 |       1.048ms |             ::1 | GET      "/location/1"
[GIN] 2025/06/16 - 15:58:27 | 200 |       517.8µs |             ::1 | GET      "/user/1"
[GIN] 2025/06/16 - 15:58:27 | 200 |     29.3006ms |             ::1 | GET      "/location/2"
[GIN] 2025/06/16 - 15:58:31 | 200 |      1.1667ms |             ::1 | GET      "/category"
[GIN] 2025/06/16 - 15:58:31 | 200 |         509µs |             ::1 | GET      "/item"
[GIN] 2025/06/16 - 15:58:31 | 200 |            0s |             ::1 | GET      "/item/quantity/1"
[GIN] 2025/06/16 - 15:58:31 | 200 |            0s |             ::1 | GET      "/item/quantity/2"
[GIN] 2025/06/16 - 15:58:34 | 200 |       578.4µs |             ::1 | GET      "/role"
[GIN] 2025/06/16 - 15:58:34 | 200 |       545.7µs |             ::1 | GET      "/user"
[GIN] 2025/06/16 - 15:58:37 | 200 |       947.5µs |             ::1 | GET      "/role"
[GIN] 2025/06/16 - 16:01:18 | 200 |      1.3568ms |             ::1 | GET      "/user/validate"
[GIN] 2025/06/16 - 16:01:22 | 200 |       515.1µs |             ::1 | GET      "/role"
[GIN] 2025/06/16 - 16:01:22 | 200 |      1.0003ms |             ::1 | GET      "/user"
[GIN] 2025/06/16 - 16:01:23 | 200 |       573.3µs |             ::1 | GET      "/role"
[GIN] 2025/06/16 - 16:02:07 | 200 |       578.1µs |             ::1 | GET      "/role"
[GIN] 2025/06/16 - 16:02:07 | 200 |       514.2µs |             ::1 | GET      "/user"
[GIN] 2025/06/16 - 16:02:41 | 200 |      1.0282ms |             ::1 | GET      "/user/validate"
