[GIN-debug] [WARNING] Creating an Engine instance with the Logger and Recovery middleware already attached.

[GIN-debug] [WARNING] Running in "debug" mode. Switch to "release" mode in production.
 - using env:	export GIN_MODE=release
 - using code:	gin.SetMode(gin.ReleaseMode)

[GIN-debug] POST   /user/login               --> stockpille/controller.Login (4 handlers)
[GIN-debug] GET    /user/:id                 --> stockpille/routes.(*RouteSeter).SetCRUD.MakeController.func1 (5 handlers)
[GIN-debug] GET    /user                     --> stockpille/routes.(*RouteSeter).SetCRUD.MakeController.func2 (5 handlers)
[GIN-debug] POST   /user                     --> stockpille/routes.(*RouteSeter).SetCRUD.MakeController.func3 (5 handlers)
[GIN-debug] PUT    /user/:id                 --> stockpille/routes.(*RouteSeter).SetCRUD.MakeController.func4 (5 handlers)
[GIN-debug] DELETE /user/:id                 --> stockpille/routes.(*RouteSeter).SetCRUD.MakeController.func5 (5 handlers)
[GIN-debug] GET    /item/:id                 --> stockpille/routes.(*RouteSeter).SetCRUD.MakeController.func1 (5 handlers)
[GIN-debug] GET    /item                     --> stockpille/routes.(*RouteSeter).SetCRUD.MakeController.func2 (5 handlers)
[GIN-debug] POST   /item                     --> stockpille/routes.(*RouteSeter).SetCRUD.MakeController.func3 (5 handlers)
[GIN-debug] PUT    /item/:id                 --> stockpille/routes.(*RouteSeter).SetCRUD.MakeController.func4 (5 handlers)
[GIN-debug] DELETE /item/:id                 --> stockpille/routes.(*RouteSeter).SetCRUD.MakeController.func5 (5 handlers)
[GIN-debug] GET    /location/:id             --> stockpille/routes.(*RouteSeter).SetCRUD.MakeController.func1 (5 handlers)
[GIN-debug] GET    /location                 --> stockpille/routes.(*RouteSeter).SetCRUD.MakeController.func2 (5 handlers)
[GIN-debug] POST   /location                 --> stockpille/routes.(*RouteSeter).SetCRUD.MakeController.func3 (5 handlers)
[GIN-debug] PUT    /location/:id             --> stockpille/routes.(*RouteSeter).SetCRUD.MakeController.func4 (5 handlers)
[GIN-debug] DELETE /location/:id             --> stockpille/routes.(*RouteSeter).SetCRUD.MakeController.func5 (5 handlers)
[GIN-debug] GET    /allocation/:id           --> stockpille/routes.(*RouteSeter).SetCRUD.MakeController.func1 (5 handlers)
[GIN-debug] GET    /allocation               --> stockpille/routes.(*RouteSeter).SetCRUD.MakeController.func2 (5 handlers)
[GIN-debug] POST   /allocation               --> stockpille/routes.(*RouteSeter).SetCRUD.MakeController.func3 (5 handlers)
[GIN-debug] PUT    /allocation/:id           --> stockpille/routes.(*RouteSeter).SetCRUD.MakeController.func4 (5 handlers)
[GIN-debug] DELETE /allocation/:id           --> stockpille/routes.(*RouteSeter).SetCRUD.MakeController.func5 (5 handlers)
[GIN-debug] GET    /role/:id                 --> stockpille/routes.(*RouteSeter).SetCRUD.MakeController.func1 (5 handlers)
[GIN-debug] GET    /role                     --> stockpille/routes.(*RouteSeter).SetCRUD.MakeController.func2 (5 handlers)
[GIN-debug] POST   /role                     --> stockpille/routes.(*RouteSeter).SetCRUD.MakeController.func3 (5 handlers)
[GIN-debug] PUT    /role/:id                 --> stockpille/routes.(*RouteSeter).SetCRUD.MakeController.func4 (5 handlers)
[GIN-debug] DELETE /role/:id                 --> stockpille/routes.(*RouteSeter).SetCRUD.MakeController.func5 (5 handlers)
[GIN-debug] GET    /category/:id             --> stockpille/routes.(*RouteSeter).SetCRUD.MakeController.func1 (5 handlers)
[GIN-debug] GET    /category                 --> stockpille/routes.(*RouteSeter).SetCRUD.MakeController.func2 (5 handlers)
[GIN-debug] POST   /category                 --> stockpille/routes.(*RouteSeter).SetCRUD.MakeController.func3 (5 handlers)
[GIN-debug] PUT    /category/:id             --> stockpille/routes.(*RouteSeter).SetCRUD.MakeController.func4 (5 handlers)
[GIN-debug] DELETE /category/:id             --> stockpille/routes.(*RouteSeter).SetCRUD.MakeController.func5 (5 handlers)
[GIN-debug] GET    /item/quantity/:id        --> stockpille/controller.GetItemQuantity (5 handlers)
[GIN-debug] GET    /user/validate            --> stockpille/controller.ValidateToken (5 handlers)
[GIN-debug] GET    /rel/allocbyuser          --> stockpille/controller.RelAllocByUser (5 handlers)
[GIN-debug] GET    /rel/allocbyitem          --> stockpille/controller.RelAllocByItem (5 handlers)
[GIN-debug] GET    /rel/itembylocation       --> stockpille/controller.RelItemByLocation (5 handlers)
[GIN-debug] GET    /rel/itembycategory       --> stockpille/controller.RelItemByCategory (5 handlers)
[GIN-debug] GET    /rel/userbyrole           --> stockpille/controller.RelUserByRole (5 handlers)
[GIN-debug] POST   /role-permision           --> stockpille/controller.CreatePermission (5 handlers)
[GIN-debug] PUT    /role-permision           --> stockpille/controller.UpdatePermission (5 handlers)
[GIN-debug] GET    /role-permision           --> stockpille/controller.GetPermission (5 handlers)
[GIN-debug] [WARNING] You trusted all proxies, this is NOT safe. We recommend you to set a value.
Please check https://pkg.go.dev/github.com/gin-gonic/gin#readme-don-t-trust-all-proxies for details.
[GIN-debug] Environment variable PORT is undefined. Using port :8080 by default
[GIN-debug] Listening and serving HTTP on :8080
[GIN] 2025/06/13 - 20:17:54 | 200 |      3.7509ms |             ::1 | GET      "/location"
[GIN] 2025/06/13 - 20:17:55 | 200 |       1.689ms |             ::1 | GET      "/allocation"
[GIN] 2025/06/13 - 20:17:55 | 200 |      1.6006ms |             ::1 | GET      "/item/2"
[GIN] 2025/06/13 - 20:17:55 | 200 |         570µs |             ::1 | GET      "/item/5"
[GIN] 2025/06/13 - 20:17:55 | 200 |      1.0758ms |             ::1 | GET      "/user/1"
[GIN] 2025/06/13 - 20:17:55 | 200 |      1.0506ms |             ::1 | GET      "/item/5"
[GIN] 2025/06/13 - 20:17:55 | 200 |       514.3µs |             ::1 | GET      "/user/1"
[GIN] 2025/06/13 - 20:17:55 | 200 |      1.2104ms |             ::1 | GET      "/user/1"
[GIN] 2025/06/13 - 20:17:55 | 200 |         516µs |             ::1 | GET      "/user/1"
[GIN] 2025/06/13 - 20:17:55 | 200 |      1.3842ms |             ::1 | GET      "/user/1"
[GIN] 2025/06/13 - 20:17:55 | 200 |      1.9235ms |             ::1 | GET      "/user/1"
[GIN] 2025/06/13 - 20:17:55 | 200 |      2.5352ms |             ::1 | GET      "/user/1"
[GIN] 2025/06/13 - 20:17:55 | 200 |      44.906ms |             ::1 | GET      "/item/6"
[GIN] 2025/06/13 - 20:17:55 | 200 |     44.3905ms |             ::1 | GET      "/item/1"
[GIN] 2025/06/13 - 20:17:55 | 200 |     43.2997ms |             ::1 | GET      "/item/5"
[GIN] 2025/06/13 - 20:17:57 | 500 |       6.127ms |             ::1 | GET      "/rel/userbyrole"
[GIN] 2025/06/13 - 20:18:00 | 401 |            0s |             ::1 | GET      "/rel/itembycategory"
[GIN] 2025/06/13 - 20:18:05 | 200 |    188.3378ms |             ::1 | POST     "/user/login"
[GIN] 2025/06/13 - 20:18:05 | 200 |      1.9031ms |             ::1 | GET      "/user/validate"
[GIN] 2025/06/13 - 20:18:06 | 200 |      2.3997ms |             ::1 | GET      "/category"
[GIN] 2025/06/13 - 20:18:06 | 200 |       611.4µs |             ::1 | GET      "/item"
[GIN] 2025/06/13 - 20:18:06 | 200 |         508µs |             ::1 | GET      "/item/quantity/2"
[GIN] 2025/06/13 - 20:18:06 | 200 |       512.7µs |             ::1 | GET      "/item/quantity/5"
[GIN] 2025/06/13 - 20:18:06 | 200 |      1.5404ms |             ::1 | GET      "/item/quantity/1"
[GIN] 2025/06/13 - 20:18:06 | 200 |       580.6µs |             ::1 | GET      "/item/quantity/7"
[GIN] 2025/06/13 - 20:18:06 | 200 |      39.206ms |             ::1 | GET      "/item/quantity/3"
[GIN] 2025/06/13 - 20:18:06 | 200 |     39.2045ms |             ::1 | GET      "/item/quantity/4"
[GIN] 2025/06/13 - 20:18:06 | 200 |      40.306ms |             ::1 | GET      "/item/quantity/6"
[GIN] 2025/06/13 - 20:18:16 | 200 |      1.6648ms |             ::1 | GET      "/category"
[GIN] 2025/06/13 - 20:18:16 | 200 |            0s |             ::1 | GET      "/item"
[GIN] 2025/06/13 - 20:18:16 | 200 |       540.8µs |             ::1 | GET      "/item/quantity/1"
[GIN] 2025/06/13 - 20:18:16 | 200 |       515.6µs |             ::1 | GET      "/item/quantity/3"
[GIN] 2025/06/13 - 20:18:16 | 200 |       515.6µs |             ::1 | GET      "/item/quantity/2"
[GIN] 2025/06/13 - 20:18:16 | 200 |       572.6µs |             ::1 | GET      "/item/quantity/7"
[GIN] 2025/06/13 - 20:18:16 | 200 |     42.1011ms |             ::1 | GET      "/item/quantity/4"
[GIN] 2025/06/13 - 20:18:16 | 200 |     42.7135ms |             ::1 | GET      "/item/quantity/6"
[GIN] 2025/06/13 - 20:18:16 | 200 |     43.9565ms |             ::1 | GET      "/item/quantity/5"
[GIN] 2025/06/13 - 20:18:16 | 200 |       537.4µs |             ::1 | GET      "/user"
[GIN] 2025/06/13 - 20:18:18 | 204 |            0s |             ::1 | OPTIONS  "/role"
[GIN] 2025/06/13 - 20:18:18 | 200 |      2.2503ms |             ::1 | GET      "/role"
[GIN] 2025/06/13 - 20:18:18 | 200 |       513.4µs |             ::1 | GET      "/user/1"
[GIN] 2025/06/13 - 20:18:24 | 200 |       562.8µs |             ::1 | GET      "/user"
[GIN] 2025/06/13 - 20:18:24 | 200 |       582.3µs |             ::1 | GET      "/role"
[GIN] 2025/06/13 - 20:18:27 | 204 |            0s |             ::1 | OPTIONS  "/role-permission"
[GIN] 2025/06/13 - 20:18:27 | 404 |            0s |             ::1 | POST     "/role-permission"
