[GIN-debug] [WARNING] Creating an Engine instance with the Logger and Recovery middleware already attached.

[GIN-debug] [WARNING] Running in "debug" mode. Switch to "release" mode in production.
 - using env:	export GIN_MODE=release
 - using code:	gin.SetMode(gin.ReleaseMode)

[GIN-debug] POST   /user/login               --> stockpille/controller.Login (4 handlers)
[GIN-debug] GET    /user/:id                 --> stockpille/routes.(*RouteSeter).SetCRUD.MakeController.func1 (5 handlers)
[GIN-debug] GET    /user                     --> stockpille/routes.(*RouteSeter).SetCRUD.MakeController.func2 (5 handlers)
[GIN-debug] POST   /user                     --> stockpille/routes.(*RouteSeter).SetCRUD.MakeController.func3 (5 handlers)
[GIN-debug] PUT    /user/:id                 --> stockpille/routes.(*RouteSeter).SetCRUD.MakeController.func4 (5 handlers)
[GIN-debug] DELETE /user/:id                 --> stockpille/routes.(*RouteSeter).SetCRUD.MakeController.func5 (5 handlers)
[GIN-debug] GET    /item/:id                 --> stockpille/routes.(*RouteSeter).SetCRUD.MakeController.func1 (5 handlers)
[GIN-debug] GET    /item                     --> stockpille/routes.(*RouteSeter).SetCRUD.MakeController.func2 (5 handlers)
[GIN-debug] POST   /item                     --> stockpille/routes.(*RouteSeter).SetCRUD.MakeController.func3 (5 handlers)
[GIN-debug] PUT    /item/:id                 --> stockpille/routes.(*RouteSeter).SetCRUD.MakeController.func4 (5 handlers)
[GIN-debug] DELETE /item/:id                 --> stockpille/routes.(*RouteSeter).SetCRUD.MakeController.func5 (5 handlers)
[GIN-debug] GET    /location/:id             --> stockpille/routes.(*RouteSeter).SetCRUD.MakeController.func1 (5 handlers)
[GIN-debug] GET    /location                 --> stockpille/routes.(*RouteSeter).SetCRUD.MakeController.func2 (5 handlers)
[GIN-debug] POST   /location                 --> stockpille/routes.(*RouteSeter).SetCRUD.MakeController.func3 (5 handlers)
[GIN-debug] PUT    /location/:id             --> stockpille/routes.(*RouteSeter).SetCRUD.MakeController.func4 (5 handlers)
[GIN-debug] DELETE /location/:id             --> stockpille/routes.(*RouteSeter).SetCRUD.MakeController.func5 (5 handlers)
[GIN-debug] GET    /allocation/:id           --> stockpille/routes.(*RouteSeter).SetCRUD.MakeController.func1 (5 handlers)
[GIN-debug] GET    /allocation               --> stockpille/routes.(*RouteSeter).SetCRUD.MakeController.func2 (5 handlers)
[GIN-debug] POST   /allocation               --> stockpille/routes.(*RouteSeter).SetCRUD.MakeController.func3 (5 handlers)
[GIN-debug] PUT    /allocation/:id           --> stockpille/routes.(*RouteSeter).SetCRUD.MakeController.func4 (5 handlers)
[GIN-debug] DELETE /allocation/:id           --> stockpille/routes.(*RouteSeter).SetCRUD.MakeController.func5 (5 handlers)
[GIN-debug] GET    /role/:id                 --> stockpille/routes.(*RouteSeter).SetCRUD.MakeController.func1 (5 handlers)
[GIN-debug] GET    /role                     --> stockpille/routes.(*RouteSeter).SetCRUD.MakeController.func2 (5 handlers)
[GIN-debug] POST   /role                     --> stockpille/routes.(*RouteSeter).SetCRUD.MakeController.func3 (5 handlers)
[GIN-debug] PUT    /role/:id                 --> stockpille/routes.(*RouteSeter).SetCRUD.MakeController.func4 (5 handlers)
[GIN-debug] DELETE /role/:id                 --> stockpille/routes.(*RouteSeter).SetCRUD.MakeController.func5 (5 handlers)
[GIN-debug] GET    /category/:id             --> stockpille/routes.(*RouteSeter).SetCRUD.MakeController.func1 (5 handlers)
[GIN-debug] GET    /category                 --> stockpille/routes.(*RouteSeter).SetCRUD.MakeController.func2 (5 handlers)
[GIN-debug] POST   /category                 --> stockpille/routes.(*RouteSeter).SetCRUD.MakeController.func3 (5 handlers)
[GIN-debug] PUT    /category/:id             --> stockpille/routes.(*RouteSeter).SetCRUD.MakeController.func4 (5 handlers)
[GIN-debug] DELETE /category/:id             --> stockpille/routes.(*RouteSeter).SetCRUD.MakeController.func5 (5 handlers)
[GIN-debug] GET    /item/quantity/:id        --> stockpille/controller.GetItemQuantity (5 handlers)
[GIN-debug] GET    /user/validate            --> stockpille/controller.ValidateToken (5 handlers)
[GIN-debug] GET    /rel/allocbyuser          --> stockpille/controller.RelAllocByUser (5 handlers)
[GIN-debug] GET    /rel/allocbyitem          --> stockpille/controller.RelAllocByItem (5 handlers)
[GIN-debug] GET    /rel/itembylocation       --> stockpille/controller.RelItemByLocation (5 handlers)
[GIN-debug] GET    /rel/itembycategory       --> stockpille/controller.RelItemByCategory (5 handlers)
[GIN-debug] GET    /rel/userbyrole           --> stockpille/controller.RelUserByRole (5 handlers)
[GIN-debug] POST   /role-permision           --> stockpille/controller.CreatePermission (5 handlers)
[GIN-debug] PUT    /role-permision           --> stockpille/controller.UpdatePermission (5 handlers)
[GIN-debug] GET    /role-permision           --> stockpille/controller.GetPermission (5 handlers)
[GIN-debug] [WARNING] You trusted all proxies, this is NOT safe. We recommend you to set a value.
Please check https://pkg.go.dev/github.com/gin-gonic/gin#readme-don-t-trust-all-proxies for details.
[GIN-debug] Environment variable PORT is undefined. Using port :8080 by default
[GIN-debug] Listening and serving HTTP on :8080
[GIN] 2025/06/17 - 10:56:39 | 204 |            0s |             ::1 | OPTIONS  "/user/validate"
[GIN] 2025/06/17 - 10:56:39 | 401 |      1.7372ms |             ::1 | GET      "/user/validate"
[GIN] 2025/06/17 - 10:57:27 | 204 |            0s |             ::1 | OPTIONS  "/category"
[GIN] 2025/06/17 - 10:57:27 | 401 |       521.1µs |             ::1 | GET      "/category"
[GIN] 2025/06/17 - 10:57:35 | 401 |       524.9µs |             ::1 | GET      "/user/validate"
[GIN] 2025/06/17 - 10:57:37 | 401 |            0s |             ::1 | GET      "/user/validate"
[GIN] 2025/06/17 - 10:57:40 | 401 |         514µs |             ::1 | GET      "/user/validate"
[GIN] 2025/06/17 - 10:57:41 | 401 |       515.2µs |             ::1 | GET      "/user/validate"
[GIN] 2025/06/17 - 10:57:42 | 401 |       512.4µs |             ::1 | GET      "/user/validate"
[GIN] 2025/06/17 - 10:57:42 | 401 |            0s |             ::1 | GET      "/user/validate"
[GIN] 2025/06/17 - 10:57:45 | 401 |       553.8µs |             ::1 | GET      "/category"
[GIN] 2025/06/17 - 10:57:45 | 204 |            0s |             ::1 | OPTIONS  "/item"
[GIN] 2025/06/17 - 10:57:45 | 401 |            0s |             ::1 | GET      "/item"
[GIN] 2025/06/17 - 10:57:46 | 401 |       539.8µs |             ::1 | GET      "/category"
[GIN] 2025/06/17 - 10:57:46 | 401 |            0s |             ::1 | GET      "/item"
[GIN] 2025/06/17 - 10:57:46 | 204 |            0s |             ::1 | OPTIONS  "/location"
[GIN] 2025/06/17 - 10:57:46 | 401 |       691.5µs |             ::1 | GET      "/location"
[GIN] 2025/06/17 - 10:57:47 | 204 |            0s |             ::1 | OPTIONS  "/role"
[GIN] 2025/06/17 - 10:57:47 | 401 |      1.3784ms |             ::1 | GET      "/role"
[GIN] 2025/06/17 - 10:57:47 | 204 |            0s |             ::1 | OPTIONS  "/user"
[GIN] 2025/06/17 - 10:57:47 | 401 |            0s |             ::1 | GET      "/user"
[GIN] 2025/06/17 - 10:57:47 | 401 |       583.8µs |             ::1 | GET      "/location"
[GIN] 2025/06/17 - 10:57:48 | 401 |       511.2µs |             ::1 | GET      "/category"
[GIN] 2025/06/17 - 10:57:48 | 401 |            0s |             ::1 | GET      "/item"
[GIN] 2025/06/17 - 10:58:25 | 401 |       644.8µs |             ::1 | GET      "/user/validate"
[GIN] 2025/06/17 - 10:58:35 | 204 |            0s |             ::1 | OPTIONS  "/user/login"
[GIN] 2025/06/17 - 10:58:35 | 200 |    187.2245ms |             ::1 | POST     "/user/login"
[GIN] 2025/06/17 - 10:58:35 | 200 |      1.0743ms |             ::1 | GET      "/user/validate"
[GIN] 2025/06/17 - 10:58:40 | 200 |       542.9µs |             ::1 | GET      "/user/validate"
[GIN] 2025/06/17 - 10:58:45 | 200 |       551.7µs |             ::1 | GET      "/user/validate"
[GIN] 2025/06/17 - 10:58:48 | 200 |      2.5006ms |             ::1 | GET      "/category"
[GIN] 2025/06/17 - 10:58:50 | 200 |      2.3953ms |             ::1 | GET      "/location"
[GIN] 2025/06/17 - 10:58:51 | 200 |       551.4µs |             ::1 | GET      "/category"
[GIN] 2025/06/17 - 10:58:54 | 200 |         553µs |             ::1 | GET      "/user/validate"
[GIN] 2025/06/17 - 10:58:57 | 200 |       514.1µs |             ::1 | GET      "/user/validate"
[GIN] 2025/06/17 - 10:58:59 | 200 |       523.2µs |             ::1 | GET      "/user/validate"
[GIN] 2025/06/17 - 10:59:03 | 200 |       542.8µs |             ::1 | GET      "/category"
[GIN] 2025/06/17 - 10:59:03 | 200 |      1.7754ms |             ::1 | GET      "/item"
[GIN] 2025/06/17 - 10:59:03 | 204 |            0s |             ::1 | OPTIONS  "/item/quantity/1"
[GIN] 2025/06/17 - 10:59:03 | 204 |            0s |             ::1 | OPTIONS  "/item/quantity/2"
[GIN] 2025/06/17 - 10:59:03 | 200 |      1.7833ms |             ::1 | GET      "/item/quantity/1"
[GIN] 2025/06/17 - 10:59:03 | 200 |     29.0916ms |             ::1 | GET      "/item/quantity/2"
[GIN] 2025/06/17 - 11:00:01 | 200 |      3.1317ms |             ::1 | GET      "/category"
[GIN] 2025/06/17 - 11:00:01 | 200 |      2.0164ms |             ::1 | GET      "/item"
[GIN] 2025/06/17 - 11:00:01 | 200 |            0s |             ::1 | GET      "/item/quantity/2"
[GIN] 2025/06/17 - 11:00:01 | 200 |            0s |             ::1 | GET      "/item/quantity/1"
[GIN] 2025/06/17 - 11:00:14 | 200 |       553.6µs |             ::1 | GET      "/location"
[GIN] 2025/06/17 - 11:00:14 | 200 |      2.4335ms |             ::1 | GET      "/role"
[GIN] 2025/06/17 - 11:00:14 | 200 |            0s |             ::1 | GET      "/user"
[GIN] 2025/06/17 - 11:03:04 | 200 |      1.6279ms |             ::1 | GET      "/user/validate"
[GIN] 2025/06/17 - 11:03:06 | 200 |      1.2397ms |             ::1 | GET      "/user/validate"
[GIN] 2025/06/17 - 11:03:08 | 200 |         966µs |             ::1 | GET      "/category"
[GIN] 2025/06/17 - 11:03:08 | 200 |       517.9µs |             ::1 | GET      "/item"
[GIN] 2025/06/17 - 11:03:08 | 200 |            0s |             ::1 | GET      "/item/quantity/1"
[GIN] 2025/06/17 - 11:03:08 | 200 |            0s |             ::1 | GET      "/item/quantity/2"
[GIN] 2025/06/17 - 11:03:27 | 200 |       527.5µs |             ::1 | GET      "/category"
[GIN] 2025/06/17 - 11:03:31 | 200 |       515.5µs |             ::1 | GET      "/category"
[GIN] 2025/06/17 - 11:03:31 | 200 |       513.4µs |             ::1 | GET      "/item"
[GIN] 2025/06/17 - 11:03:31 | 200 |            0s |             ::1 | GET      "/item/quantity/1"
[GIN] 2025/06/17 - 11:03:31 | 200 |            0s |             ::1 | GET      "/item/quantity/2"
[GIN] 2025/06/17 - 11:03:35 | 200 |       999.4µs |             ::1 | GET      "/category"
[GIN] 2025/06/17 - 11:03:35 | 200 |       264.4µs |             ::1 | GET      "/item"
[GIN] 2025/06/17 - 11:03:35 | 200 |            0s |             ::1 | GET      "/item/quantity/1"
[GIN] 2025/06/17 - 11:03:35 | 200 |            0s |             ::1 | GET      "/item/quantity/2"
[GIN] 2025/06/17 - 11:03:38 | 200 |       1.835ms |             ::1 | GET      "/location"
[GIN] 2025/06/17 - 11:03:38 | 200 |      2.7286ms |             ::1 | GET      "/role"
[GIN] 2025/06/17 - 11:03:38 | 200 |            0s |             ::1 | GET      "/user"
[GIN] 2025/06/17 - 11:03:39 | 200 |       709.2µs |             ::1 | GET      "/role"
[GIN] 2025/06/17 - 11:03:42 | 200 |      1.0519ms |             ::1 | GET      "/role"
[GIN] 2025/06/17 - 11:03:42 | 200 |            0s |             ::1 | GET      "/user"
[GIN] 2025/06/17 - 11:03:45 | 200 |       531.4µs |             ::1 | GET      "/role"
[GIN] 2025/06/17 - 11:03:45 | 204 |            0s |             ::1 | OPTIONS  "/user/2"
[GIN] 2025/06/17 - 11:03:45 | 200 |      1.0531ms |             ::1 | GET      "/user/2"
[GIN] 2025/06/17 - 11:03:47 | 200 |    186.3988ms |             ::1 | PUT      "/user/2"
[GIN] 2025/06/17 - 11:03:48 | 200 |       533.1µs |             ::1 | GET      "/role"
[GIN] 2025/06/17 - 11:03:48 | 200 |       605.7µs |             ::1 | GET      "/user"
[GIN] 2025/06/17 - 11:03:57 | 200 |    186.2699ms |             ::1 | POST     "/user/login"
[GIN] 2025/06/17 - 11:03:57 | 200 |      1.0408ms |             ::1 | GET      "/user/validate"
[GIN] 2025/06/17 - 11:03:58 | 200 |       1.062ms |             ::1 | GET      "/category"
[GIN] 2025/06/17 - 11:03:58 | 200 |       581.1µs |             ::1 | GET      "/item"
[GIN] 2025/06/17 - 11:03:58 | 200 |            0s |             ::1 | GET      "/item/quantity/1"
[GIN] 2025/06/17 - 11:03:58 | 200 |            0s |             ::1 | GET      "/item/quantity/2"
[GIN] 2025/06/17 - 11:04:01 | 200 |       511.8µs |             ::1 | GET      "/category"
[GIN] 2025/06/17 - 11:04:05 | 403 |       513.7µs |             ::1 | POST     "/item"
[GIN] 2025/06/17 - 11:04:08 | 200 |       527.1µs |             ::1 | GET      "/category"
[GIN] 2025/06/17 - 11:04:08 | 200 |            0s |             ::1 | GET      "/item"
[GIN] 2025/06/17 - 11:04:08 | 200 |            0s |             ::1 | GET      "/item/quantity/1"
[GIN] 2025/06/17 - 11:04:08 | 200 |            0s |             ::1 | GET      "/item/quantity/2"
[GIN] 2025/06/17 - 11:04:12 | 200 |       615.7µs |             ::1 | GET      "/category"
[GIN] 2025/06/17 - 11:04:16 | 200 |    185.1237ms |             ::1 | POST     "/user/login"
[GIN] 2025/06/17 - 11:04:16 | 200 |       524.1µs |             ::1 | GET      "/user/validate"
[GIN] 2025/06/17 - 11:04:17 | 200 |       558.8µs |             ::1 | GET      "/category"
[GIN] 2025/06/17 - 11:04:17 | 200 |       572.1µs |             ::1 | GET      "/item"
[GIN] 2025/06/17 - 11:04:17 | 200 |            0s |             ::1 | GET      "/item/quantity/1"
[GIN] 2025/06/17 - 11:04:17 | 200 |            0s |             ::1 | GET      "/item/quantity/2"
[GIN] 2025/06/17 - 11:04:20 | 200 |       516.4µs |             ::1 | GET      "/category"
[GIN] 2025/06/17 - 11:04:23 | 200 |      2.9341ms |             ::1 | POST     "/item"
[GIN] 2025/06/17 - 11:04:23 | 200 |            0s |             ::1 | GET      "/category"
[GIN] 2025/06/17 - 11:04:23 | 200 |            0s |             ::1 | GET      "/item"
[GIN] 2025/06/17 - 11:04:23 | 204 |            0s |             ::1 | OPTIONS  "/item/quantity/3"
[GIN] 2025/06/17 - 11:04:23 | 200 |      1.4352ms |             ::1 | GET      "/item/quantity/1"
[GIN] 2025/06/17 - 11:04:23 | 200 |      1.4352ms |             ::1 | GET      "/item/quantity/2"
[GIN] 2025/06/17 - 11:04:23 | 200 |         560µs |             ::1 | GET      "/item/quantity/3"
[GIN] 2025/06/17 - 11:05:29 | 200 |       515.5µs |             ::1 | GET      "/user/validate"
[GIN] 2025/06/17 - 11:05:31 | 200 |       538.3µs |             ::1 | GET      "/category"
[GIN] 2025/06/17 - 11:05:31 | 200 |         579µs |             ::1 | GET      "/item"
[GIN] 2025/06/17 - 11:05:31 | 200 |            0s |             ::1 | GET      "/item/quantity/1"
[GIN] 2025/06/17 - 11:05:31 | 200 |       511.5µs |             ::1 | GET      "/item/quantity/2"
[GIN] 2025/06/17 - 11:05:31 | 200 |     29.1078ms |             ::1 | GET      "/item/quantity/3"
[GIN] 2025/06/17 - 11:05:31 | 200 |       587.6µs |             ::1 | GET      "/location"
[GIN] 2025/06/17 - 11:05:32 | 204 |            0s |             ::1 | OPTIONS  "/location/1"
[GIN] 2025/06/17 - 11:05:32 | 200 |       532.7µs |             ::1 | GET      "/location/1"
[GIN] 2025/06/17 - 11:05:34 | 200 |      1.4817ms |             ::1 | GET      "/location"
[GIN] 2025/06/17 - 11:05:39 | 200 |      1.2616ms |             ::1 | POST     "/location"
[GIN] 2025/06/17 - 11:05:39 | 200 |            0s |             ::1 | GET      "/location"
[GIN] 2025/06/17 - 11:05:44 | 204 |            0s |             ::1 | OPTIONS  "/location/2"
[GIN] 2025/06/17 - 11:05:44 | 200 |       512.1µs |             ::1 | GET      "/location/2"
[GIN] 2025/06/17 - 11:05:45 | 200 |      1.0173ms |             ::1 | PUT      "/location/2"
[GIN] 2025/06/17 - 11:05:45 | 200 |       542.2µs |             ::1 | GET      "/location"
[GIN] 2025/06/17 - 11:05:46 | 200 |       570.8µs |             ::1 | GET      "/role"
[GIN] 2025/06/17 - 11:05:46 | 200 |            0s |             ::1 | GET      "/user"
[GIN] 2025/06/17 - 11:07:22 | 200 |       514.5µs |             ::1 | GET      "/user/validate"
[GIN] 2025/06/17 - 11:09:39 | 200 |       517.7µs |             ::1 | GET      "/user/validate"
[GIN] 2025/06/17 - 11:09:42 | 200 |       570.1µs |             ::1 | GET      "/role"
[GIN] 2025/06/17 - 11:09:42 | 200 |            0s |             ::1 | GET      "/user"
[GIN] 2025/06/17 - 11:09:43 | 200 |       536.6µs |             ::1 | GET      "/role"
[GIN] 2025/06/17 - 11:09:45 | 200 |      1.4063ms |             ::1 | GET      "/role"
[GIN] 2025/06/17 - 11:09:45 | 200 |      1.9196ms |             ::1 | GET      "/user"
[GIN] 2025/06/17 - 11:09:45 | 200 |       546.4µs |             ::1 | GET      "/role"
[GIN] 2025/06/17 - 11:09:49 | 200 |      1.0927ms |             ::1 | POST     "/role"
[GIN] 2025/06/17 - 11:09:49 | 200 |            0s |             ::1 | GET      "/role"
[GIN] 2025/06/17 - 11:10:31 | 200 |       515.4µs |             ::1 | GET      "/category"
[GIN] 2025/06/17 - 11:10:31 | 200 |            0s |             ::1 | GET      "/item"
[GIN] 2025/06/17 - 11:10:31 | 200 |       550.6µs |             ::1 | GET      "/item/quantity/1"
[GIN] 2025/06/17 - 11:10:31 | 200 |       550.6µs |             ::1 | GET      "/item/quantity/2"
[GIN] 2025/06/17 - 11:10:31 | 200 |     28.7675ms |             ::1 | GET      "/item/quantity/3"
[GIN] 2025/06/17 - 11:10:32 | 200 |       512.5µs |             ::1 | GET      "/user"
[GIN] 2025/06/17 - 11:10:32 | 200 |       512.5µs |             ::1 | GET      "/role"
[GIN] 2025/06/17 - 11:10:36 | 200 |       517.3µs |             ::1 | GET      "/role"
[GIN] 2025/06/17 - 11:10:40 | 200 |    186.3351ms |             ::1 | POST     "/user"
[GIN] 2025/06/17 - 11:10:40 | 200 |      1.0003ms |             ::1 | GET      "/role"
[GIN] 2025/06/17 - 11:10:40 | 200 |      1.0003ms |             ::1 | GET      "/user"
[GIN] 2025/06/17 - 11:10:43 | 200 |    186.1096ms |             ::1 | POST     "/user/login"
[GIN] 2025/06/17 - 11:10:43 | 200 |      1.6425ms |             ::1 | GET      "/user/validate"
[GIN] 2025/06/17 - 11:10:45 | 403 |       560.4µs |             ::1 | GET      "/category"
[GIN] 2025/06/17 - 11:10:52 | 403 |       541.7µs |             ::1 | GET      "/category"
[GIN] 2025/06/17 - 11:10:52 | 403 |            0s |             ::1 | GET      "/category"
[GIN] 2025/06/17 - 11:10:58 | 403 |       517.7µs |             ::1 | POST     "/category"
[GIN] 2025/06/17 - 11:10:59 | 403 |         518µs |             ::1 | GET      "/category"
[GIN] 2025/06/17 - 11:11:00 | 403 |       543.2µs |             ::1 | GET      "/category"
[GIN] 2025/06/17 - 11:11:02 | 403 |       733.6µs |             ::1 | GET      "/category"
[GIN] 2025/06/17 - 11:11:04 | 403 |       550.6µs |             ::1 | GET      "/role"
[GIN] 2025/06/17 - 11:11:04 | 403 |            0s |             ::1 | GET      "/user"
[GIN] 2025/06/17 - 11:11:06 | 403 |       566.9µs |             ::1 | GET      "/location"
[GIN] 2025/06/17 - 11:11:06 | 403 |       566.9µs |             ::1 | GET      "/item"
[GIN] 2025/06/17 - 11:11:07 | 204 |            0s |             ::1 | OPTIONS  "/allocation"
[GIN] 2025/06/17 - 11:11:07 | 403 |       531.6µs |             ::1 | GET      "/allocation"
[GIN] 2025/06/17 - 11:11:10 | 403 |       521.5µs |             ::1 | GET      "/location"
[GIN] 2025/06/17 - 11:11:10 | 403 |         576µs |             ::1 | GET      "/category"
[GIN] 2025/06/17 - 11:11:29 | 200 |      1.4805ms |             ::1 | GET      "/user/validate"
[GIN] 2025/06/17 - 11:11:35 | 200 |    188.5995ms |             ::1 | POST     "/user/login"
[GIN] 2025/06/17 - 11:11:35 | 200 |       588.7µs |             ::1 | GET      "/user/validate"
[GIN] 2025/06/17 - 11:11:38 | 200 |         506µs |             ::1 | GET      "/category"
[GIN] 2025/06/17 - 11:11:38 | 200 |       548.7µs |             ::1 | GET      "/item"
[GIN] 2025/06/17 - 11:11:38 | 200 |            0s |             ::1 | GET      "/item/quantity/1"
[GIN] 2025/06/17 - 11:11:38 | 200 |            0s |             ::1 | GET      "/item/quantity/2"
[GIN] 2025/06/17 - 11:11:38 | 200 |     28.9362ms |             ::1 | GET      "/item/quantity/3"
[GIN] 2025/06/17 - 11:11:38 | 200 |       523.9µs |             ::1 | GET      "/location"
[GIN] 2025/06/17 - 11:11:39 | 200 |       606.1µs |             ::1 | GET      "/role"
[GIN] 2025/06/17 - 11:11:39 | 200 |       519.6µs |             ::1 | GET      "/user"
[GIN] 2025/06/17 - 11:11:40 | 200 |       520.1µs |             ::1 | GET      "/role"
[GIN] 2025/06/17 - 11:11:46 | 200 |       518.6µs |             ::1 | GET      "/user"
[GIN] 2025/06/17 - 11:11:46 | 200 |       518.6µs |             ::1 | GET      "/role"
[GIN] 2025/06/17 - 11:11:51 | 200 |       871.5µs |             ::1 | GET      "/role"
[GIN] 2025/06/17 - 11:11:52 | 200 |      1.5483ms |             ::1 | GET      "/role"
[GIN] 2025/06/17 - 11:11:52 | 200 |      1.5483ms |             ::1 | GET      "/user"
[GIN] 2025/06/17 - 11:11:55 | 200 |       523.4µs |             ::1 | GET      "/user/validate"
[GIN] 2025/06/17 - 11:11:59 | 200 |       517.1µs |             ::1 | GET      "/location"
[GIN] 2025/06/17 - 11:11:59 | 200 |       548.2µs |             ::1 | GET      "/role"
[GIN] 2025/06/17 - 11:11:59 | 200 |            0s |             ::1 | GET      "/user"
[GIN] 2025/06/17 - 11:12:04 | 200 |       530.5µs |             ::1 | GET      "/user/validate"
[GIN] 2025/06/17 - 11:12:06 | 200 |      1.5985ms |             ::1 | GET      "/role"
[GIN] 2025/06/17 - 11:12:06 | 200 |            0s |             ::1 | GET      "/user"
[GIN] 2025/06/17 - 11:12:23 | 200 |       562.1µs |             ::1 | GET      "/user/validate"
[GIN] 2025/06/17 - 11:12:25 | 200 |       513.8µs |             ::1 | GET      "/role"
[GIN] 2025/06/17 - 11:12:25 | 200 |            0s |             ::1 | GET      "/user"
[GIN] 2025/06/17 - 11:12:26 | 200 |      1.1849ms |             ::1 | GET      "/role"
[GIN] 2025/06/17 - 11:12:30 | 200 |       548.1µs |             ::1 | GET      "/category"
[GIN] 2025/06/17 - 11:12:30 | 200 |         554µs |             ::1 | GET      "/item"
[GIN] 2025/06/17 - 11:12:30 | 200 |       522.4µs |             ::1 | GET      "/item/quantity/1"
[GIN] 2025/06/17 - 11:12:30 | 200 |       522.4µs |             ::1 | GET      "/item/quantity/2"
[GIN] 2025/06/17 - 11:12:30 | 200 |     28.0481ms |             ::1 | GET      "/item/quantity/3"
[GIN] 2025/06/17 - 11:13:41 | 200 |       519.6µs |             ::1 | GET      "/user/validate"
[GIN] 2025/06/17 - 11:13:44 | 200 |       562.2µs |             ::1 | GET      "/category"
[GIN] 2025/06/17 - 11:13:44 | 200 |            0s |             ::1 | GET      "/item"
[GIN] 2025/06/17 - 11:13:44 | 200 |            0s |             ::1 | GET      "/item/quantity/1"
[GIN] 2025/06/17 - 11:13:44 | 200 |       542.6µs |             ::1 | GET      "/item/quantity/2"
[GIN] 2025/06/17 - 11:13:45 | 200 |    141.9807ms |             ::1 | GET      "/item/quantity/3"
[GIN] 2025/06/17 - 11:13:49 | 200 |      1.2873ms |             ::1 | POST     "/category"
[GIN] 2025/06/17 - 11:13:49 | 200 |       580.4µs |             ::1 | GET      "/category"
[GIN] 2025/06/17 - 11:13:52 | 200 |       523.2µs |             ::1 | GET      "/category"
[GIN] 2025/06/17 - 11:13:52 | 200 |            0s |             ::1 | GET      "/item"
[GIN] 2025/06/17 - 11:13:52 | 200 |            0s |             ::1 | GET      "/item/quantity/1"
[GIN] 2025/06/17 - 11:13:52 | 200 |       577.1µs |             ::1 | GET      "/item/quantity/2"
[GIN] 2025/06/17 - 11:13:52 | 200 |     27.8633ms |             ::1 | GET      "/item/quantity/3"
[GIN] 2025/06/17 - 11:13:53 | 200 |       547.4µs |             ::1 | GET      "/category"
[GIN] 2025/06/17 - 11:15:50 | 200 |      1.0255ms |             ::1 | GET      "/user/validate"
[GIN] 2025/06/17 - 11:15:53 | 200 |       517.2µs |             ::1 | GET      "/role"
[GIN] 2025/06/17 - 11:15:53 | 200 |            0s |             ::1 | GET      "/user"
[GIN] 2025/06/17 - 11:15:55 | 200 |       510.2µs |             ::1 | GET      "/category"
[GIN] 2025/06/17 - 11:15:55 | 200 |       541.7µs |             ::1 | GET      "/item"
[GIN] 2025/06/17 - 11:15:55 | 200 |            0s |             ::1 | GET      "/item/quantity/1"
[GIN] 2025/06/17 - 11:15:55 | 200 |         512µs |             ::1 | GET      "/item/quantity/2"
[GIN] 2025/06/17 - 11:15:55 | 200 |     27.9033ms |             ::1 | GET      "/item/quantity/3"
[GIN] 2025/06/17 - 11:15:58 | 200 |       519.4µs |             ::1 | GET      "/category"
[GIN] 2025/06/17 - 11:15:58 | 200 |            0s |             ::1 | GET      "/item"
[GIN] 2025/06/17 - 11:15:58 | 200 |            0s |             ::1 | GET      "/item/quantity/1"
[GIN] 2025/06/17 - 11:15:58 | 200 |       543.4µs |             ::1 | GET      "/item/quantity/2"
[GIN] 2025/06/17 - 11:15:58 | 200 |     27.7979ms |             ::1 | GET      "/item/quantity/3"
[GIN] 2025/06/17 - 11:15:58 | 200 |       509.9µs |             ::1 | GET      "/category"
[GIN] 2025/06/17 - 11:17:32 | 200 |       529.4µs |             ::1 | GET      "/user/validate"
[GIN] 2025/06/17 - 11:17:34 | 200 |       569.9µs |             ::1 | GET      "/category"
[GIN] 2025/06/17 - 11:17:34 | 200 |       629.8µs |             ::1 | GET      "/item"
[GIN] 2025/06/17 - 11:17:34 | 200 |            0s |             ::1 | GET      "/item/quantity/1"
[GIN] 2025/06/17 - 11:17:34 | 200 |            0s |             ::1 | GET      "/item/quantity/2"
[GIN] 2025/06/17 - 11:17:34 | 200 |     30.0975ms |             ::1 | GET      "/item/quantity/3"
[GIN] 2025/06/17 - 11:17:35 | 200 |       554.7µs |             ::1 | GET      "/category"
[GIN] 2025/06/17 - 11:17:37 | 200 |       666.5µs |             ::1 | GET      "/category"
[GIN] 2025/06/17 - 11:17:37 | 200 |            0s |             ::1 | GET      "/item"
[GIN] 2025/06/17 - 11:17:37 | 200 |         512µs |             ::1 | GET      "/item/quantity/1"
[GIN] 2025/06/17 - 11:17:37 | 200 |         512µs |             ::1 | GET      "/item/quantity/2"
[GIN] 2025/06/17 - 11:17:37 | 200 |     28.2769ms |             ::1 | GET      "/item/quantity/3"
[GIN] 2025/06/17 - 11:17:37 | 200 |       541.4µs |             ::1 | GET      "/category"
[GIN] 2025/06/17 - 11:17:38 | 204 |            0s |             ::1 | OPTIONS  "/category/1"
[GIN] 2025/06/17 - 11:17:38 | 200 |      1.0178ms |             ::1 | GET      "/category/1"
[GIN] 2025/06/17 - 11:17:39 | 200 |      2.2806ms |             ::1 | PUT      "/category/1"
[GIN] 2025/06/17 - 11:17:39 | 200 |            0s |             ::1 | GET      "/category"
[GIN] 2025/06/17 - 11:17:41 | 200 |         556µs |             ::1 | GET      "/category"
[GIN] 2025/06/17 - 11:17:41 | 200 |            0s |             ::1 | GET      "/item"
[GIN] 2025/06/17 - 11:17:41 | 200 |            0s |             ::1 | GET      "/item/quantity/1"
[GIN] 2025/06/17 - 11:17:41 | 200 |       540.8µs |             ::1 | GET      "/item/quantity/2"
[GIN] 2025/06/17 - 11:17:41 | 200 |     28.4565ms |             ::1 | GET      "/item/quantity/3"
[GIN] 2025/06/17 - 11:17:44 | 200 |       551.9µs |             ::1 | GET      "/category"
[GIN] 2025/06/17 - 11:17:44 | 200 |            0s |             ::1 | GET      "/item"
[GIN] 2025/06/17 - 11:17:44 | 200 |       980.6µs |             ::1 | GET      "/item/quantity/1"
[GIN] 2025/06/17 - 11:17:44 | 200 |            0s |             ::1 | GET      "/item/quantity/2"
[GIN] 2025/06/17 - 11:17:44 | 200 |     27.0037ms |             ::1 | GET      "/item/quantity/3"
[GIN] 2025/06/17 - 11:17:48 | 200 |       721.8µs |             ::1 | GET      "/item"
[GIN] 2025/06/17 - 11:17:48 | 200 |       721.8µs |             ::1 | GET      "/location"
[GIN] 2025/06/17 - 11:19:16 | 200 |       825.1µs |             ::1 | GET      "/user/validate"
[GIN] 2025/06/17 - 11:19:18 | 401 |       548.7µs |             ::1 | GET      "/item"
[GIN] 2025/06/17 - 11:19:18 | 401 |            0s |             ::1 | GET      "/location"
[GIN] 2025/06/17 - 11:19:23 | 200 |       562.8µs |             ::1 | GET      "/category"
[GIN] 2025/06/17 - 11:19:23 | 200 |            0s |             ::1 | GET      "/item"
[GIN] 2025/06/17 - 11:19:23 | 200 |            0s |             ::1 | GET      "/item/quantity/1"
[GIN] 2025/06/17 - 11:19:23 | 200 |       561.3µs |             ::1 | GET      "/item/quantity/2"
[GIN] 2025/06/17 - 11:19:23 | 200 |     27.8245ms |             ::1 | GET      "/item/quantity/3"
[GIN] 2025/06/17 - 11:19:24 | 200 |            0s |             ::1 | GET      "/location"
[GIN] 2025/06/17 - 11:19:24 | 200 |       585.7µs |             ::1 | GET      "/role"
[GIN] 2025/06/17 - 11:19:24 | 200 |            0s |             ::1 | GET      "/user"
[GIN] 2025/06/17 - 11:19:25 | 200 |      1.6894ms |             ::1 | GET      "/category"
[GIN] 2025/06/17 - 11:19:25 | 200 |       587.1µs |             ::1 | GET      "/item"
[GIN] 2025/06/17 - 11:19:25 | 200 |            0s |             ::1 | GET      "/item/quantity/1"
[GIN] 2025/06/17 - 11:19:25 | 200 |            0s |             ::1 | GET      "/item/quantity/2"
[GIN] 2025/06/17 - 11:19:25 | 200 |     28.7422ms |             ::1 | GET      "/item/quantity/3"
[GIN] 2025/06/17 - 11:19:25 | 401 |       540.3µs |             ::1 | GET      "/item"
[GIN] 2025/06/17 - 11:19:25 | 401 |       540.3µs |             ::1 | GET      "/location"
[GIN] 2025/06/17 - 11:19:37 | 200 |       652.3µs |             ::1 | GET      "/user/validate"
[GIN] 2025/06/17 - 11:19:38 | 200 |       534.9µs |             ::1 | GET      "/item"
[GIN] 2025/06/17 - 11:19:38 | 200 |            0s |             ::1 | GET      "/location"
[GIN] 2025/06/17 - 11:19:39 | 200 |         545µs |             ::1 | GET      "/allocation"
[GIN] 2025/06/17 - 11:19:39 | 204 |            0s |             ::1 | OPTIONS  "/item/1"
[GIN] 2025/06/17 - 11:19:39 | 204 |            0s |             ::1 | OPTIONS  "/item/2"
[GIN] 2025/06/17 - 11:19:39 | 204 |            0s |             ::1 | OPTIONS  "/user/1"
[GIN] 2025/06/17 - 11:19:39 | 204 |            0s |             ::1 | OPTIONS  "/user/1"
[GIN] 2025/06/17 - 11:19:39 | 200 |       508.4µs |             ::1 | GET      "/location/2"
[GIN] 2025/06/17 - 11:19:39 | 200 |       534.9µs |             ::1 | GET      "/location/1"
[GIN] 2025/06/17 - 11:19:39 | 200 |         566µs |             ::1 | GET      "/item/1"
[GIN] 2025/06/17 - 11:19:39 | 200 |         566µs |             ::1 | GET      "/item/2"
[GIN] 2025/06/17 - 11:19:39 | 200 |     27.7988ms |             ::1 | GET      "/user/1"
[GIN] 2025/06/17 - 11:19:39 | 200 |         512µs |             ::1 | GET      "/user/1"
[GIN] 2025/06/17 - 11:19:43 | 200 |       568.6µs |             ::1 | GET      "/user/validate"
[GIN] 2025/06/17 - 11:19:45 | 200 |       548.2µs |             ::1 | GET      "/allocation"
[GIN] 2025/06/17 - 11:19:45 | 200 |       513.1µs |             ::1 | GET      "/item/1"
[GIN] 2025/06/17 - 11:19:45 | 200 |       513.1µs |             ::1 | GET      "/item/2"
[GIN] 2025/06/17 - 11:19:45 | 200 |     34.4163ms |             ::1 | GET      "/location/2"
[GIN] 2025/06/17 - 11:19:45 | 200 |     35.5983ms |             ::1 | GET      "/user/1"
[GIN] 2025/06/17 - 11:19:45 | 200 |     36.1111ms |             ::1 | GET      "/location/1"
[GIN] 2025/06/17 - 11:19:45 | 200 |       578.7µs |             ::1 | GET      "/user/1"
[GIN] 2025/06/17 - 11:19:45 | 401 |       663.7µs |             ::1 | GET      "/item"
[GIN] 2025/06/17 - 11:19:45 | 401 |            0s |             ::1 | GET      "/location"
[GIN] 2025/06/17 - 11:19:58 | 200 |    189.6135ms |             ::1 | POST     "/user/login"
[GIN] 2025/06/17 - 11:19:58 | 200 |        1.67ms |             ::1 | GET      "/user/validate"
[GIN] 2025/06/17 - 11:20:03 | 401 |       664.1µs |             ::1 | GET      "/item"
[GIN] 2025/06/17 - 11:20:03 | 401 |       664.1µs |             ::1 | GET      "/location"
[GIN] 2025/06/17 - 11:21:13 | 200 |      1.0002ms |             ::1 | GET      "/user/validate"
[GIN] 2025/06/17 - 11:22:29 | 200 |         517µs |             ::1 | GET      "/user/validate"
[GIN] 2025/06/17 - 11:22:35 | 200 |      1.0555ms |             ::1 | GET      "/location"
[GIN] 2025/06/17 - 11:22:35 | 200 |      1.0555ms |             ::1 | GET      "/item"
[GIN] 2025/06/17 - 11:22:40 | 200 |      2.3689ms |             ::1 | POST     "/allocation"
[GIN] 2025/06/17 - 11:22:44 | 200 |       1.179ms |             ::1 | GET      "/allocation"
[GIN] 2025/06/17 - 11:22:44 | 204 |            0s |             ::1 | OPTIONS  "/location/3"
[GIN] 2025/06/17 - 11:22:44 | 200 |       615.3µs |             ::1 | GET      "/item/1"
[GIN] 2025/06/17 - 11:22:44 | 200 |      1.1447ms |             ::1 | GET      "/item/2"
[GIN] 2025/06/17 - 11:22:44 | 200 |       539.7µs |             ::1 | GET      "/user/1"
[GIN] 2025/06/17 - 11:22:44 | 200 |       539.7µs |             ::1 | GET      "/location/1"
[GIN] 2025/06/17 - 11:22:44 | 200 |         513µs |             ::1 | GET      "/location/3"
[GIN] 2025/06/17 - 11:22:44 | 200 |      1.0409ms |             ::1 | GET      "/item/2"
[GIN] 2025/06/17 - 11:22:44 | 200 |       536.5µs |             ::1 | GET      "/user/1"
[GIN] 2025/06/17 - 11:22:44 | 200 |      1.0595ms |             ::1 | GET      "/user/1"
[GIN] 2025/06/17 - 11:22:44 | 200 |     29.8596ms |             ::1 | GET      "/location/2"
[GIN] 2025/06/17 - 11:23:08 | 200 |       562.3µs |             ::1 | GET      "/user"
[GIN] 2025/06/17 - 11:23:08 | 204 |            0s |             ::1 | OPTIONS  "/rel/allocbyuser"
[GIN] 2025/06/17 - 11:23:08 | 200 |       686.2µs |             ::1 | GET      "/rel/allocbyuser"
[GIN] 2025/06/17 - 11:23:10 | 204 |            0s |             ::1 | OPTIONS  "/rel/allocbyitem"
[GIN] 2025/06/17 - 11:23:10 | 200 |         651µs |             ::1 | GET      "/rel/allocbyitem"
[GIN] 2025/06/17 - 11:23:12 | 204 |            0s |             ::1 | OPTIONS  "/rel/itembylocation"
[GIN] 2025/06/17 - 11:23:12 | 200 |       691.3µs |             ::1 | GET      "/rel/itembylocation"
[GIN] 2025/06/17 - 11:25:33 | 200 |       519.5µs |             ::1 | GET      "/user/validate"
[GIN] 2025/06/17 - 11:25:36 | 200 |       555.1µs |             ::1 | GET      "/user"
[GIN] 2025/06/17 - 11:25:36 | 200 |       555.1µs |             ::1 | GET      "/rel/allocbyuser"
[GIN] 2025/06/17 - 11:25:37 | 200 |       524.9µs |             ::1 | GET      "/rel/allocbyitem"
[GIN] 2025/06/17 - 11:25:38 | 200 |         640µs |             ::1 | GET      "/rel/itembylocation"
[GIN] 2025/06/17 - 11:25:40 | 204 |            0s |             ::1 | OPTIONS  "/rel/itembycategory"
[GIN] 2025/06/17 - 11:25:40 | 200 |       607.4µs |             ::1 | GET      "/rel/itembycategory"
[GIN] 2025/06/17 - 11:25:41 | 204 |            0s |             ::1 | OPTIONS  "/rel/userbyrole"
[GIN] 2025/06/17 - 11:25:41 | 200 |       646.7µs |             ::1 | GET      "/rel/userbyrole"
[GIN] 2025/06/17 - 11:26:36 | 200 |       562.7µs |             ::1 | GET      "/user/validate"
[GIN] 2025/06/17 - 11:26:41 | 200 |         529µs |             ::1 | GET      "/rel/itembylocation"
[GIN] 2025/06/17 - 11:29:58 | 200 |       631.9µs |             ::1 | GET      "/user/validate"
[GIN] 2025/06/17 - 11:30:00 | 200 |      1.0557ms |             ::1 | GET      "/location"
[GIN] 2025/06/17 - 11:30:00 | 200 |      1.0557ms |             ::1 | GET      "/item"
[GIN] 2025/06/17 - 11:30:02 | 200 |       556.9µs |             ::1 | GET      "/rel/itembycategory"
[GIN] 2025/06/17 - 11:31:34 | 200 |       560.6µs |             ::1 | GET      "/user/validate"
[GIN] 2025/06/17 - 11:35:49 | 200 |       520.8µs |             ::1 | GET      "/user/validate"
[GIN] 2025/06/17 - 11:35:52 | 200 |       526.5µs |             ::1 | GET      "/rel/allocbyuser"
[GIN] 2025/06/17 - 11:35:52 | 200 |       526.5µs |             ::1 | GET      "/user"
[GIN] 2025/06/17 - 11:35:53 | 200 |            0s |             ::1 | GET      "/rel/allocbyitem"
[GIN] 2025/06/17 - 11:35:55 | 200 |       695.3µs |             ::1 | GET      "/rel/itembylocation"
[GIN] 2025/06/17 - 11:36:06 | 200 |       520.9µs |             ::1 | GET      "/user"
[GIN] 2025/06/17 - 11:36:06 | 200 |       520.9µs |             ::1 | GET      "/rel/allocbyuser"
[GIN] 2025/06/17 - 11:36:22 | 200 |    186.3649ms |             ::1 | POST     "/user/login"
[GIN] 2025/06/17 - 11:36:22 | 200 |       613.6µs |             ::1 | GET      "/user/validate"
[GIN] 2025/06/17 - 11:37:12 | 200 |      1.0955ms |             ::1 | GET      "/user/validate"
[GIN] 2025/06/17 - 11:37:14 | 200 |       587.9µs |             ::1 | GET      "/user/validate"
[GIN] 2025/06/17 - 11:37:15 | 200 |      1.3923ms |             ::1 | GET      "/user/validate"
[GIN] 2025/06/17 - 11:37:17 | 200 |       574.5µs |             ::1 | GET      "/user/validate"
[GIN] 2025/06/17 - 11:37:24 | 200 |       569.2µs |             ::1 | GET      "/user/validate"
[GIN] 2025/06/17 - 11:37:50 | 200 |       595.5µs |             ::1 | GET      "/user/validate"
[GIN] 2025/06/17 - 11:37:59 | 200 |       564.5µs |             ::1 | GET      "/user/validate"
[GIN] 2025/06/17 - 11:38:08 | 200 |       512.4µs |             ::1 | GET      "/user/validate"
[GIN] 2025/06/17 - 11:39:42 | 200 |       511.5µs |             ::1 | GET      "/user/validate"
[GIN] 2025/06/17 - 11:39:46 | 200 |       525.7µs |             ::1 | GET      "/location"
[GIN] 2025/06/17 - 11:39:49 | 200 |            0s |             ::1 | GET      "/item"
[GIN] 2025/06/17 - 11:39:49 | 200 |       605.6µs |             ::1 | GET      "/location"
[GIN] 2025/06/17 - 11:39:49 | 200 |      1.4097ms |             ::1 | GET      "/allocation"
[GIN] 2025/06/17 - 11:39:49 | 200 |       1.926ms |             ::1 | GET      "/item"
[GIN] 2025/06/17 - 11:39:49 | 200 |     33.1386ms |             ::1 | GET      "/user"
[GIN] 2025/06/17 - 11:39:49 | 200 |     34.2708ms |             ::1 | GET      "/location"
[GIN] 2025/06/17 - 11:40:06 | 200 |       537.8µs |             ::1 | GET      "/user/validate"
[GIN] 2025/06/17 - 11:40:06 | 200 |         542µs |             ::1 | GET      "/user/validate"
[GIN] 2025/06/17 - 11:40:09 | 200 |       514.4µs |             ::1 | GET      "/allocation"
[GIN] 2025/06/17 - 11:40:09 | 200 |      1.0384ms |             ::1 | GET      "/item"
[GIN] 2025/06/17 - 11:40:09 | 200 |     32.2989ms |             ::1 | GET      "/location"
[GIN] 2025/06/17 - 11:40:09 | 200 |     33.1193ms |             ::1 | GET      "/user"
[GIN] 2025/06/17 - 11:40:12 | 200 |      1.2586ms |             ::1 | GET      "/user/validate"
[GIN] 2025/06/17 - 11:40:14 | 200 |      1.0007ms |             ::1 | GET      "/allocation"
[GIN] 2025/06/17 - 11:40:14 | 200 |       512.8µs |             ::1 | GET      "/item/2"
[GIN] 2025/06/17 - 11:40:14 | 200 |       512.8µs |             ::1 | GET      "/item/1"
[GIN] 2025/06/17 - 11:40:14 | 200 |       531.9µs |             ::1 | GET      "/location/3"
[GIN] 2025/06/17 - 11:40:14 | 200 |       531.9µs |             ::1 | GET      "/location/2"
[GIN] 2025/06/17 - 11:40:14 | 200 |     33.8734ms |             ::1 | GET      "/user/1"
[GIN] 2025/06/17 - 11:40:14 | 200 |     33.3351ms |             ::1 | GET      "/item/2"
[GIN] 2025/06/17 - 11:40:14 | 200 |       828.5µs |             ::1 | GET      "/user/1"
[GIN] 2025/06/17 - 11:40:14 | 200 |     35.3259ms |             ::1 | GET      "/location/1"
[GIN] 2025/06/17 - 11:40:14 | 200 |       542.8µs |             ::1 | GET      "/user/1"
[GIN] 2025/06/17 - 11:41:59 | 200 |       592.9µs |             ::1 | GET      "/user/validate"
[GIN] 2025/06/17 - 11:42:08 | 200 |    185.9041ms |             ::1 | POST     "/user/login"
[GIN] 2025/06/17 - 11:42:09 | 200 |    185.5889ms |             ::1 | POST     "/user/login"
[GIN] 2025/06/17 - 11:43:43 | 200 |    189.4253ms |             ::1 | POST     "/user/login"
[GIN] 2025/06/17 - 11:43:44 | 200 |         606µs |             ::1 | GET      "/user/validate"
[GIN] 2025/06/17 - 11:43:53 | 200 |    186.5321ms |             ::1 | POST     "/user/login"
[GIN] 2025/06/17 - 11:43:54 | 200 |      1.0703ms |             ::1 | GET      "/user/validate"
[GIN] 2025/06/17 - 11:43:57 | 400 |            0s |             ::1 | POST     "/user/login"
[GIN] 2025/06/17 - 11:45:38 | 400 |         515µs |             ::1 | POST     "/user/login"
[GIN] 2025/06/17 - 11:45:59 | 400 |            0s |             ::1 | POST     "/user/login"
[GIN] 2025/06/17 - 11:46:05 | 200 |    190.6302ms |             ::1 | POST     "/user/login"
[GIN] 2025/06/17 - 11:46:07 | 200 |       545.8µs |             ::1 | GET      "/user/validate"
[GIN] 2025/06/17 - 11:48:56 | 200 |    190.1586ms |             ::1 | POST     "/user/login"
[GIN] 2025/06/17 - 11:48:58 | 200 |       513.8µs |             ::1 | GET      "/user/validate"
[GIN] 2025/06/17 - 11:49:02 | 400 |            0s |             ::1 | POST     "/user/login"
[GIN] 2025/06/17 - 11:51:22 | 400 |            0s |             ::1 | POST     "/user/login"
[GIN] 2025/06/17 - 11:51:25 | 200 |    189.8053ms |             ::1 | POST     "/user/login"
[GIN] 2025/06/17 - 11:51:26 | 200 |       540.2µs |             ::1 | GET      "/user/validate"
[GIN] 2025/06/17 - 11:54:52 | 200 |      1.1519ms |             ::1 | GET      "/user/validate"
[GIN] 2025/06/17 - 11:59:08 | 200 |    185.4758ms |             ::1 | POST     "/user/login"
[GIN] 2025/06/17 - 11:59:10 | 200 |         612µs |             ::1 | GET      "/user/validate"
[GIN] 2025/06/17 - 12:09:18 | 200 |      1.0654ms |             ::1 | GET      "/category"
[GIN] 2025/06/17 - 12:09:18 | 200 |       545.3µs |             ::1 | GET      "/item"
[GIN] 2025/06/17 - 12:09:18 | 200 |       510.9µs |             ::1 | GET      "/item/quantity/1"
[GIN] 2025/06/17 - 12:09:18 | 200 |       510.9µs |             ::1 | GET      "/item/quantity/2"
[GIN] 2025/06/17 - 12:09:18 | 200 |     27.9322ms |             ::1 | GET      "/item/quantity/3"
[GIN] 2025/06/17 - 12:09:19 | 200 |       1.117ms |             ::1 | GET      "/location"
[GIN] 2025/06/17 - 12:09:20 | 200 |      1.0002ms |             ::1 | GET      "/role"
[GIN] 2025/06/17 - 12:09:20 | 200 |      1.0002ms |             ::1 | GET      "/user"
[GIN] 2025/06/17 - 12:10:01 | 200 |      1.0997ms |             ::1 | GET      "/user/validate"
[GIN] 2025/06/17 - 12:13:02 | 200 |       564.1µs |             ::1 | GET      "/category"
[GIN] 2025/06/17 - 12:13:02 | 200 |       522.2µs |             ::1 | GET      "/item"
[GIN] 2025/06/17 - 12:13:02 | 200 |            0s |             ::1 | GET      "/item/quantity/1"
[GIN] 2025/06/17 - 12:13:02 | 200 |       510.7µs |             ::1 | GET      "/item/quantity/2"
[GIN] 2025/06/17 - 12:13:02 | 200 |     28.0698ms |             ::1 | GET      "/item/quantity/3"
[GIN] 2025/06/17 - 12:13:03 | 200 |       511.5µs |             ::1 | GET      "/location"
[GIN] 2025/06/17 - 12:13:04 | 200 |       592.8µs |             ::1 | GET      "/role"
[GIN] 2025/06/17 - 12:13:04 | 200 |            0s |             ::1 | GET      "/user"
[GIN] 2025/06/17 - 12:13:07 | 200 |         511µs |             ::1 | GET      "/location"
[GIN] 2025/06/17 - 12:13:07 | 200 |         511µs |             ::1 | GET      "/item"
[GIN] 2025/06/17 - 12:13:08 | 200 |       531.9µs |             ::1 | GET      "/allocation"
[GIN] 2025/06/17 - 12:13:08 | 200 |       552.1µs |             ::1 | GET      "/item/1"
[GIN] 2025/06/17 - 12:13:08 | 200 |       552.1µs |             ::1 | GET      "/item/2"
[GIN] 2025/06/17 - 12:13:08 | 200 |       510.4µs |             ::1 | GET      "/location/2"
[GIN] 2025/06/17 - 12:13:08 | 200 |       510.4µs |             ::1 | GET      "/location/1"
[GIN] 2025/06/17 - 12:13:08 | 200 |     33.9395ms |             ::1 | GET      "/user/1"
[GIN] 2025/06/17 - 12:13:08 | 200 |     34.7929ms |             ::1 | GET      "/location/3"
[GIN] 2025/06/17 - 12:13:08 | 200 |       586.1µs |             ::1 | GET      "/user/1"
[GIN] 2025/06/17 - 12:13:08 | 200 |     35.1155ms |             ::1 | GET      "/item/2"
[GIN] 2025/06/17 - 12:13:08 | 200 |       528.8µs |             ::1 | GET      "/user/1"
[GIN] 2025/06/17 - 12:13:08 | 200 |      1.1138ms |             ::1 | GET      "/item"
[GIN] 2025/06/17 - 12:13:08 | 200 |      1.2073ms |             ::1 | GET      "/location"
[GIN] 2025/06/17 - 12:13:09 | 200 |      1.9056ms |             ::1 | GET      "/allocation"
[GIN] 2025/06/17 - 12:13:09 | 200 |       511.2µs |             ::1 | GET      "/item/1"
[GIN] 2025/06/17 - 12:13:09 | 200 |       511.2µs |             ::1 | GET      "/item/2"
[GIN] 2025/06/17 - 12:13:09 | 200 |            0s |             ::1 | GET      "/item/2"
[GIN] 2025/06/17 - 12:13:09 | 200 |     36.3415ms |             ::1 | GET      "/user/1"
[GIN] 2025/06/17 - 12:13:09 | 200 |     36.8504ms |             ::1 | GET      "/location/3"
[GIN] 2025/06/17 - 12:13:09 | 200 |       593.7µs |             ::1 | GET      "/user/1"
[GIN] 2025/06/17 - 12:13:09 | 200 |     38.1067ms |             ::1 | GET      "/location/1"
[GIN] 2025/06/17 - 12:13:09 | 200 |       510.8µs |             ::1 | GET      "/user/1"
[GIN] 2025/06/17 - 12:13:09 | 200 |     39.3022ms |             ::1 | GET      "/location/2"
[GIN] 2025/06/17 - 12:13:11 | 200 |         512µs |             ::1 | GET      "/item"
[GIN] 2025/06/17 - 12:13:11 | 200 |            0s |             ::1 | GET      "/location"
[GIN] 2025/06/17 - 12:13:29 | 200 |      1.9598ms |             ::1 | GET      "/category"
[GIN] 2025/06/17 - 12:13:29 | 200 |       508.9µs |             ::1 | GET      "/item"
[GIN] 2025/06/17 - 12:13:29 | 200 |            0s |             ::1 | GET      "/item/quantity/2"
[GIN] 2025/06/17 - 12:13:29 | 200 |       513.2µs |             ::1 | GET      "/item/quantity/1"
[GIN] 2025/06/17 - 12:13:29 | 200 |      27.458ms |             ::1 | GET      "/item/quantity/3"
[GIN] 2025/06/17 - 12:13:30 | 200 |         580µs |             ::1 | GET      "/category"
[GIN] 2025/06/17 - 12:13:30 | 200 |       552.7µs |             ::1 | GET      "/item"
[GIN] 2025/06/17 - 12:13:30 | 200 |            0s |             ::1 | GET      "/item/quantity/1"
[GIN] 2025/06/17 - 12:13:30 | 200 |       502.6µs |             ::1 | GET      "/item/quantity/2"
[GIN] 2025/06/17 - 12:13:30 | 200 |    133.4657ms |             ::1 | GET      "/item/quantity/3"
[GIN] 2025/06/17 - 12:15:21 | 200 |    190.2557ms |             ::1 | POST     "/user/login"
[GIN] 2025/06/17 - 12:15:23 | 200 |       521.2µs |             ::1 | GET      "/user/validate"
[GIN] 2025/06/17 - 12:15:26 | 200 |       510.5µs |             ::1 | GET      "/category"
[GIN] 2025/06/17 - 12:15:26 | 200 |       579.6µs |             ::1 | GET      "/item"
[GIN] 2025/06/17 - 12:15:26 | 200 |            0s |             ::1 | GET      "/item/quantity/1"
[GIN] 2025/06/17 - 12:15:26 | 200 |       535.5µs |             ::1 | GET      "/item/quantity/2"
[GIN] 2025/06/17 - 12:15:26 | 200 |     26.6413ms |             ::1 | GET      "/item/quantity/3"
[GIN] 2025/06/17 - 12:15:28 | 200 |       584.4µs |             ::1 | GET      "/location"
[GIN] 2025/06/17 - 12:15:28 | 200 |      1.8189ms |             ::1 | GET      "/role"
[GIN] 2025/06/17 - 12:15:28 | 200 |       597.1µs |             ::1 | GET      "/user"
[GIN] 2025/06/17 - 12:15:29 | 200 |       542.5µs |             ::1 | GET      "/location"
[GIN] 2025/06/17 - 12:15:36 | 200 |       512.3µs |             ::1 | GET      "/category"
[GIN] 2025/06/17 - 12:15:36 | 200 |       502.7µs |             ::1 | GET      "/item"
[GIN] 2025/06/17 - 12:15:36 | 200 |            0s |             ::1 | GET      "/item/quantity/1"
[GIN] 2025/06/17 - 12:15:36 | 200 |         529µs |             ::1 | GET      "/item/quantity/2"
[GIN] 2025/06/17 - 12:15:36 | 200 |     27.1809ms |             ::1 | GET      "/item/quantity/3"
[GIN] 2025/06/17 - 12:15:37 | 200 |       511.2µs |             ::1 | GET      "/location"
[GIN] 2025/06/17 - 12:15:37 | 200 |       528.1µs |             ::1 | GET      "/role"
[GIN] 2025/06/17 - 12:15:37 | 200 |            0s |             ::1 | GET      "/user"
[GIN] 2025/06/17 - 12:15:37 | 200 |       508.6µs |             ::1 | GET      "/category"
[GIN] 2025/06/17 - 12:15:37 | 200 |       517.7µs |             ::1 | GET      "/item"
[GIN] 2025/06/17 - 12:15:37 | 200 |            0s |             ::1 | GET      "/item/quantity/1"
[GIN] 2025/06/17 - 12:15:37 | 200 |       535.6µs |             ::1 | GET      "/item/quantity/2"
[GIN] 2025/06/17 - 12:15:37 | 200 |     26.7622ms |             ::1 | GET      "/item/quantity/3"
[GIN] 2025/06/17 - 12:17:29 | 200 |       532.1µs |             ::1 | GET      "/user/validate"
[GIN] 2025/06/17 - 12:17:29 | 200 |       517.3µs |             ::1 | GET      "/user/validate"
[GIN] 2025/06/17 - 12:17:29 | 200 |       514.1µs |             ::1 | GET      "/user/validate"
[GIN] 2025/06/17 - 12:17:30 | 200 |       1.197ms |             ::1 | GET      "/user/validate"
